2019-12-24 19:49:23.627 [ restartedMain ] - [ INFO  ] [ com.ynet.fullview.FullviewApplication : 50 ] - Starting FullviewApplication on PC-201804011443 with PID 704 (F:\besheweb-master\bishe-master\bishe-master\target\classes started by Administrator in F:\besheweb-master\bishe-master\bishe-master)
2019-12-24 19:49:23.658 [ restartedMain ] - [ INFO  ] [ com.ynet.fullview.FullviewApplication : 647 ] - No active profile set, falling back to default profiles: default
2019-12-24 19:49:25.736 [ restartedMain ] - [ INFO  ] [ org.apache.coyote.http11.Http11NioProtocol : 173 ] - Initializing ProtocolHandler ["http-nio-8080"]
2019-12-24 19:49:25.736 [ restartedMain ] - [ INFO  ] [ org.apache.catalina.core.StandardService : 173 ] - Starting service [Tomcat]
2019-12-24 19:49:25.736 [ restartedMain ] - [ INFO  ] [ org.apache.catalina.core.StandardEngine : 173 ] - Starting Servlet engine: [Apache Tomcat/9.0.22]
2019-12-24 19:49:25.752 [ restartedMain ] - [ INFO  ] [ org.apache.catalina.core.AprLifecycleListener : 173 ] - An older version [1.2.14] of the APR based Apache Tomcat Native library is installed, while Tomcat recommends a minimum version of [1.2.23]
2019-12-24 19:49:25.752 [ restartedMain ] - [ INFO  ] [ org.apache.catalina.core.AprLifecycleListener : 173 ] - Loaded APR based Apache Tomcat Native library [1.2.14] using APR version [1.6.2].
2019-12-24 19:49:25.752 [ restartedMain ] - [ INFO  ] [ org.apache.catalina.core.AprLifecycleListener : 173 ] - APR capabilities: IPv6 [true], sendfile [true], accept filters [false], random [true].
2019-12-24 19:49:25.752 [ restartedMain ] - [ INFO  ] [ org.apache.catalina.core.AprLifecycleListener : 173 ] - APR/OpenSSL configuration: useAprConnector [false], useOpenSSL [true]
2019-12-24 19:49:26.783 [ restartedMain ] - [ INFO  ] [ org.apache.catalina.core.AprLifecycleListener : 173 ] - OpenSSL successfully initialized [OpenSSL 1.0.2l  25 May 2017]
2019-12-24 19:49:26.892 [ restartedMain ] - [ INFO  ] [ o.a.c.core.ContainerBase.[Tomcat].[localhost].[/] : 173 ] - Initializing Spring embedded WebApplicationContext
2019-12-24 19:49:27.845 [ restartedMain ] - [ INFO  ] [ org.apache.coyote.http11.Http11NioProtocol : 173 ] - Starting ProtocolHandler ["http-nio-8080"]
2019-12-24 19:49:27.860 [ restartedMain ] - [ INFO  ] [ com.ynet.fullview.FullviewApplication : 59 ] - Started FullviewApplication in 4.998 seconds (JVM running for 5.709)
2019-12-24 19:54:49.701 [ http-nio-8080-exec-1 ] - [ INFO  ] [ o.a.c.core.ContainerBase.[Tomcat].[localhost].[/] : 173 ] - Initializing Spring DispatcherServlet 'dispatcherServlet'
2019-12-24 19:57:48.304 [ http-nio-8080-exec-10 ] - [ INFO  ] [ com.alibaba.druid.pool.DruidDataSource : 930 ] - {dataSource-1} inited
2019-12-24 20:01:04.463 [ restartedMain ] - [ INFO  ] [ com.ynet.fullview.FullviewApplication : 50 ] - Starting FullviewApplication on PC-201804011443 with PID 2152 (F:\besheweb-master\bishe-master\bishe-master\target\classes started by Administrator in F:\besheweb-master\bishe-master\bishe-master)
2019-12-24 20:01:04.463 [ restartedMain ] - [ DEBUG ] [ com.ynet.fullview.FullviewApplication : 53 ] - Running with Spring Boot v2.1.7.RELEASE, Spring v5.1.9.RELEASE
2019-12-24 20:01:04.463 [ restartedMain ] - [ INFO  ] [ com.ynet.fullview.FullviewApplication : 647 ] - No active profile set, falling back to default profiles: default
2019-12-24 20:01:05.572 [ restartedMain ] - [ DEBUG ] [ org.mybatis.spring.mapper.ClassPathMapperScanner : 437 ] - Identified candidate component class: file [F:\besheweb-master\bishe-master\bishe-master\target\classes\com\ynet\fullview\dao\AcceptOrderFlowMapper.class]
2019-12-24 20:01:05.572 [ restartedMain ] - [ DEBUG ] [ org.mybatis.spring.mapper.ClassPathMapperScanner : 437 ] - Identified candidate component class: file [F:\besheweb-master\bishe-master\bishe-master\target\classes\com\ynet\fullview\dao\AnnexMapper.class]
2019-12-24 20:01:05.572 [ restartedMain ] - [ DEBUG ] [ org.mybatis.spring.mapper.ClassPathMapperScanner : 437 ] - Identified candidate component class: file [F:\besheweb-master\bishe-master\bishe-master\target\classes\com\ynet\fullview\dao\ClassifyMapper.class]
2019-12-24 20:01:05.572 [ restartedMain ] - [ DEBUG ] [ org.mybatis.spring.mapper.ClassPathMapperScanner : 437 ] - Identified candidate component class: file [F:\besheweb-master\bishe-master\bishe-master\target\classes\com\ynet\fullview\dao\CustomerMapper.class]
2019-12-24 20:01:05.572 [ restartedMain ] - [ DEBUG ] [ org.mybatis.spring.mapper.ClassPathMapperScanner : 437 ] - Identified candidate component class: file [F:\besheweb-master\bishe-master\bishe-master\target\classes\com\ynet\fullview\dao\InOrderMapper.class]
2019-12-24 20:01:05.572 [ restartedMain ] - [ DEBUG ] [ org.mybatis.spring.mapper.ClassPathMapperScanner : 437 ] - Identified candidate component class: file [F:\besheweb-master\bishe-master\bishe-master\target\classes\com\ynet\fullview\dao\ManageOrderMapper.class]
2019-12-24 20:01:05.572 [ restartedMain ] - [ DEBUG ] [ org.mybatis.spring.mapper.ClassPathMapperScanner : 437 ] - Identified candidate component class: file [F:\besheweb-master\bishe-master\bishe-master\target\classes\com\ynet\fullview\dao\OutOrderMapper.class]
2019-12-24 20:01:05.572 [ restartedMain ] - [ DEBUG ] [ org.mybatis.spring.mapper.ClassPathMapperScanner : 437 ] - Identified candidate component class: file [F:\besheweb-master\bishe-master\bishe-master\target\classes\com\ynet\fullview\dao\ResourceMapper.class]
2019-12-24 20:01:05.572 [ restartedMain ] - [ DEBUG ] [ org.mybatis.spring.mapper.ClassPathMapperScanner : 437 ] - Identified candidate component class: file [F:\besheweb-master\bishe-master\bishe-master\target\classes\com\ynet\fullview\dao\RoleRourceMapper.class]
2019-12-24 20:01:05.572 [ restartedMain ] - [ DEBUG ] [ org.mybatis.spring.mapper.ClassPathMapperScanner : 437 ] - Identified candidate component class: file [F:\besheweb-master\bishe-master\bishe-master\target\classes\com\ynet\fullview\dao\SysRoleMapper.class]
2019-12-24 20:01:05.572 [ restartedMain ] - [ DEBUG ] [ org.mybatis.spring.mapper.ClassPathMapperScanner : 437 ] - Identified candidate component class: file [F:\besheweb-master\bishe-master\bishe-master\target\classes\com\ynet\fullview\dao\SysUserMapper.class]
2019-12-24 20:01:05.572 [ restartedMain ] - [ DEBUG ] [ org.mybatis.spring.mapper.ClassPathMapperScanner : 437 ] - Identified candidate component class: file [F:\besheweb-master\bishe-master\bishe-master\target\classes\com\ynet\fullview\dao\UserRoleMapper.class]
2019-12-24 20:01:05.572 [ restartedMain ] - [ DEBUG ] [ org.mybatis.spring.mapper.ClassPathMapperScanner : 180 ] - Creating MapperFactoryBean with name 'acceptOrderFlowMapper' and 'com.ynet.fullview.dao.AcceptOrderFlowMapper' mapperInterface
2019-12-24 20:01:05.572 [ restartedMain ] - [ DEBUG ] [ org.mybatis.spring.mapper.ClassPathMapperScanner : 216 ] - Enabling autowire by type for MapperFactoryBean with name 'acceptOrderFlowMapper'.
2019-12-24 20:01:05.572 [ restartedMain ] - [ DEBUG ] [ org.mybatis.spring.mapper.ClassPathMapperScanner : 180 ] - Creating MapperFactoryBean with name 'annexMapper' and 'com.ynet.fullview.dao.AnnexMapper' mapperInterface
2019-12-24 20:01:05.572 [ restartedMain ] - [ DEBUG ] [ org.mybatis.spring.mapper.ClassPathMapperScanner : 216 ] - Enabling autowire by type for MapperFactoryBean with name 'annexMapper'.
2019-12-24 20:01:05.572 [ restartedMain ] - [ DEBUG ] [ org.mybatis.spring.mapper.ClassPathMapperScanner : 180 ] - Creating MapperFactoryBean with name 'classifyMapper' and 'com.ynet.fullview.dao.ClassifyMapper' mapperInterface
2019-12-24 20:01:05.588 [ restartedMain ] - [ DEBUG ] [ org.mybatis.spring.mapper.ClassPathMapperScanner : 216 ] - Enabling autowire by type for MapperFactoryBean with name 'classifyMapper'.
2019-12-24 20:01:05.588 [ restartedMain ] - [ DEBUG ] [ org.mybatis.spring.mapper.ClassPathMapperScanner : 180 ] - Creating MapperFactoryBean with name 'customerMapper' and 'com.ynet.fullview.dao.CustomerMapper' mapperInterface
2019-12-24 20:01:05.588 [ restartedMain ] - [ DEBUG ] [ org.mybatis.spring.mapper.ClassPathMapperScanner : 216 ] - Enabling autowire by type for MapperFactoryBean with name 'customerMapper'.
2019-12-24 20:01:05.588 [ restartedMain ] - [ DEBUG ] [ org.mybatis.spring.mapper.ClassPathMapperScanner : 180 ] - Creating MapperFactoryBean with name 'inOrderMapper' and 'com.ynet.fullview.dao.InOrderMapper' mapperInterface
2019-12-24 20:01:05.588 [ restartedMain ] - [ DEBUG ] [ org.mybatis.spring.mapper.ClassPathMapperScanner : 216 ] - Enabling autowire by type for MapperFactoryBean with name 'inOrderMapper'.
2019-12-24 20:01:05.588 [ restartedMain ] - [ DEBUG ] [ org.mybatis.spring.mapper.ClassPathMapperScanner : 180 ] - Creating MapperFactoryBean with name 'manageOrderMapper' and 'com.ynet.fullview.dao.ManageOrderMapper' mapperInterface
2019-12-24 20:01:05.588 [ restartedMain ] - [ DEBUG ] [ org.mybatis.spring.mapper.ClassPathMapperScanner : 216 ] - Enabling autowire by type for MapperFactoryBean with name 'manageOrderMapper'.
2019-12-24 20:01:05.588 [ restartedMain ] - [ DEBUG ] [ org.mybatis.spring.mapper.ClassPathMapperScanner : 180 ] - Creating MapperFactoryBean with name 'outOrderMapper' and 'com.ynet.fullview.dao.OutOrderMapper' mapperInterface
2019-12-24 20:01:05.588 [ restartedMain ] - [ DEBUG ] [ org.mybatis.spring.mapper.ClassPathMapperScanner : 216 ] - Enabling autowire by type for MapperFactoryBean with name 'outOrderMapper'.
2019-12-24 20:01:05.588 [ restartedMain ] - [ DEBUG ] [ org.mybatis.spring.mapper.ClassPathMapperScanner : 180 ] - Creating MapperFactoryBean with name 'resourceMapper' and 'com.ynet.fullview.dao.ResourceMapper' mapperInterface
2019-12-24 20:01:05.588 [ restartedMain ] - [ DEBUG ] [ org.mybatis.spring.mapper.ClassPathMapperScanner : 216 ] - Enabling autowire by type for MapperFactoryBean with name 'resourceMapper'.
2019-12-24 20:01:05.588 [ restartedMain ] - [ DEBUG ] [ org.mybatis.spring.mapper.ClassPathMapperScanner : 180 ] - Creating MapperFactoryBean with name 'roleRourceMapper' and 'com.ynet.fullview.dao.RoleRourceMapper' mapperInterface
2019-12-24 20:01:05.588 [ restartedMain ] - [ DEBUG ] [ org.mybatis.spring.mapper.ClassPathMapperScanner : 216 ] - Enabling autowire by type for MapperFactoryBean with name 'roleRourceMapper'.
2019-12-24 20:01:05.588 [ restartedMain ] - [ DEBUG ] [ org.mybatis.spring.mapper.ClassPathMapperScanner : 180 ] - Creating MapperFactoryBean with name 'sysRoleMapper' and 'com.ynet.fullview.dao.SysRoleMapper' mapperInterface
2019-12-24 20:01:05.588 [ restartedMain ] - [ DEBUG ] [ org.mybatis.spring.mapper.ClassPathMapperScanner : 216 ] - Enabling autowire by type for MapperFactoryBean with name 'sysRoleMapper'.
2019-12-24 20:01:05.588 [ restartedMain ] - [ DEBUG ] [ org.mybatis.spring.mapper.ClassPathMapperScanner : 180 ] - Creating MapperFactoryBean with name 'sysUserMapper' and 'com.ynet.fullview.dao.SysUserMapper' mapperInterface
2019-12-24 20:01:05.588 [ restartedMain ] - [ DEBUG ] [ org.mybatis.spring.mapper.ClassPathMapperScanner : 216 ] - Enabling autowire by type for MapperFactoryBean with name 'sysUserMapper'.
2019-12-24 20:01:05.588 [ restartedMain ] - [ DEBUG ] [ org.mybatis.spring.mapper.ClassPathMapperScanner : 180 ] - Creating MapperFactoryBean with name 'userRoleMapper' and 'com.ynet.fullview.dao.UserRoleMapper' mapperInterface
2019-12-24 20:01:05.588 [ restartedMain ] - [ DEBUG ] [ org.mybatis.spring.mapper.ClassPathMapperScanner : 216 ] - Enabling autowire by type for MapperFactoryBean with name 'userRoleMapper'.
2019-12-24 20:01:06.650 [ restartedMain ] - [ INFO  ] [ org.apache.coyote.http11.Http11NioProtocol : 173 ] - Initializing ProtocolHandler ["http-nio-8080"]
2019-12-24 20:01:06.666 [ restartedMain ] - [ INFO  ] [ org.apache.catalina.core.StandardService : 173 ] - Starting service [Tomcat]
2019-12-24 20:01:06.666 [ restartedMain ] - [ INFO  ] [ org.apache.catalina.core.StandardEngine : 173 ] - Starting Servlet engine: [Apache Tomcat/9.0.22]
2019-12-24 20:01:06.666 [ restartedMain ] - [ INFO  ] [ org.apache.catalina.core.AprLifecycleListener : 173 ] - An older version [1.2.14] of the APR based Apache Tomcat Native library is installed, while Tomcat recommends a minimum version of [1.2.23]
2019-12-24 20:01:06.681 [ restartedMain ] - [ INFO  ] [ org.apache.catalina.core.AprLifecycleListener : 173 ] - Loaded APR based Apache Tomcat Native library [1.2.14] using APR version [1.6.2].
2019-12-24 20:01:06.681 [ restartedMain ] - [ INFO  ] [ org.apache.catalina.core.AprLifecycleListener : 173 ] - APR capabilities: IPv6 [true], sendfile [true], accept filters [false], random [true].
2019-12-24 20:01:06.681 [ restartedMain ] - [ INFO  ] [ org.apache.catalina.core.AprLifecycleListener : 173 ] - APR/OpenSSL configuration: useAprConnector [false], useOpenSSL [true]
2019-12-24 20:01:07.712 [ restartedMain ] - [ INFO  ] [ org.apache.catalina.core.AprLifecycleListener : 173 ] - OpenSSL successfully initialized [OpenSSL 1.0.2l  25 May 2017]
2019-12-24 20:01:07.806 [ restartedMain ] - [ INFO  ] [ o.a.c.core.ContainerBase.[Tomcat].[localhost].[/] : 173 ] - Initializing Spring embedded WebApplicationContext
2019-12-24 20:01:07.978 [ restartedMain ] - [ DEBUG ] [ org.apache.ibatis.logging.LogFactory : 135 ] - Logging initialized using 'class org.apache.ibatis.logging.slf4j.Slf4jImpl' adapter.
2019-12-24 20:01:08.072 [ restartedMain ] - [ DEBUG ] [ org.apache.ibatis.io.VFS : 77 ] - Using VFS adapter org.mybatis.spring.boot.autoconfigure.SpringBootVFS
2019-12-24 20:01:08.072 [ restartedMain ] - [ DEBUG ] [ org.apache.ibatis.io.ResolverUtil : 256 ] - Checking to see if class com.ynet.fullview.model.AcceptOrderFlow matches criteria [is assignable to Object]
2019-12-24 20:01:08.072 [ restartedMain ] - [ DEBUG ] [ org.apache.ibatis.io.ResolverUtil : 256 ] - Checking to see if class com.ynet.fullview.model.Annex matches criteria [is assignable to Object]
2019-12-24 20:01:08.072 [ restartedMain ] - [ DEBUG ] [ org.apache.ibatis.io.ResolverUtil : 256 ] - Checking to see if class com.ynet.fullview.model.Classify matches criteria [is assignable to Object]
2019-12-24 20:01:08.072 [ restartedMain ] - [ DEBUG ] [ org.apache.ibatis.io.ResolverUtil : 256 ] - Checking to see if class com.ynet.fullview.model.InOrder matches criteria [is assignable to Object]
2019-12-24 20:01:08.087 [ restartedMain ] - [ DEBUG ] [ org.apache.ibatis.io.ResolverUtil : 256 ] - Checking to see if class com.ynet.fullview.model.OrderInfo matches criteria [is assignable to Object]
2019-12-24 20:01:08.087 [ restartedMain ] - [ DEBUG ] [ org.apache.ibatis.io.ResolverUtil : 256 ] - Checking to see if class com.ynet.fullview.model.OutOrder matches criteria [is assignable to Object]
2019-12-24 20:01:08.087 [ restartedMain ] - [ DEBUG ] [ org.apache.ibatis.io.ResolverUtil : 256 ] - Checking to see if class com.ynet.fullview.model.Resource matches criteria [is assignable to Object]
2019-12-24 20:01:08.087 [ restartedMain ] - [ DEBUG ] [ org.apache.ibatis.io.ResolverUtil : 256 ] - Checking to see if class com.ynet.fullview.model.RoleRource matches criteria [is assignable to Object]
2019-12-24 20:01:08.087 [ restartedMain ] - [ DEBUG ] [ org.apache.ibatis.io.ResolverUtil : 256 ] - Checking to see if class com.ynet.fullview.model.SysRole matches criteria [is assignable to Object]
2019-12-24 20:01:08.087 [ restartedMain ] - [ DEBUG ] [ org.apache.ibatis.io.ResolverUtil : 256 ] - Checking to see if class com.ynet.fullview.model.SysUser matches criteria [is assignable to Object]
2019-12-24 20:01:08.087 [ restartedMain ] - [ DEBUG ] [ org.apache.ibatis.io.ResolverUtil : 256 ] - Checking to see if class com.ynet.fullview.model.UserRole matches criteria [is assignable to Object]
2019-12-24 20:01:08.087 [ restartedMain ] - [ DEBUG ] [ org.mybatis.spring.SqlSessionFactoryBean : 437 ] - Scanned package: 'com.ynet.fullview.model' for aliases
2019-12-24 20:01:08.244 [ restartedMain ] - [ DEBUG ] [ org.mybatis.spring.SqlSessionFactoryBean : 529 ] - Parsed mapper file: 'file [F:\besheweb-master\bishe-master\bishe-master\target\classes\mapping\AcceptOrderFlowMapper.xml]'
2019-12-24 20:01:08.290 [ restartedMain ] - [ DEBUG ] [ org.mybatis.spring.SqlSessionFactoryBean : 529 ] - Parsed mapper file: 'file [F:\besheweb-master\bishe-master\bishe-master\target\classes\mapping\AnnexMapper.xml]'
2019-12-24 20:01:08.306 [ restartedMain ] - [ DEBUG ] [ org.mybatis.spring.SqlSessionFactoryBean : 529 ] - Parsed mapper file: 'file [F:\besheweb-master\bishe-master\bishe-master\target\classes\mapping\ClassifyMapper.xml]'
2019-12-24 20:01:08.306 [ restartedMain ] - [ DEBUG ] [ org.mybatis.spring.SqlSessionFactoryBean : 529 ] - Parsed mapper file: 'file [F:\besheweb-master\bishe-master\bishe-master\target\classes\mapping\CustomerMapper.xml]'
2019-12-24 20:01:08.337 [ restartedMain ] - [ DEBUG ] [ org.mybatis.spring.SqlSessionFactoryBean : 529 ] - Parsed mapper file: 'file [F:\besheweb-master\bishe-master\bishe-master\target\classes\mapping\InOrderMapper.xml]'
2019-12-24 20:01:08.353 [ restartedMain ] - [ DEBUG ] [ org.mybatis.spring.SqlSessionFactoryBean : 529 ] - Parsed mapper file: 'file [F:\besheweb-master\bishe-master\bishe-master\target\classes\mapping\ManageOrderMapper.xml]'
2019-12-24 20:01:08.353 [ restartedMain ] - [ DEBUG ] [ org.mybatis.spring.SqlSessionFactoryBean : 529 ] - Parsed mapper file: 'file [F:\besheweb-master\bishe-master\bishe-master\target\classes\mapping\OutOrderMapper.xml]'
2019-12-24 20:01:08.369 [ restartedMain ] - [ DEBUG ] [ org.mybatis.spring.SqlSessionFactoryBean : 529 ] - Parsed mapper file: 'file [F:\besheweb-master\bishe-master\bishe-master\target\classes\mapping\ResourceMapper.xml]'
2019-12-24 20:01:08.369 [ restartedMain ] - [ DEBUG ] [ org.mybatis.spring.SqlSessionFactoryBean : 529 ] - Parsed mapper file: 'file [F:\besheweb-master\bishe-master\bishe-master\target\classes\mapping\RoleRourceMapper.xml]'
2019-12-24 20:01:08.369 [ restartedMain ] - [ DEBUG ] [ org.mybatis.spring.SqlSessionFactoryBean : 529 ] - Parsed mapper file: 'file [F:\besheweb-master\bishe-master\bishe-master\target\classes\mapping\SysRoleMapper.xml]'
2019-12-24 20:01:08.384 [ restartedMain ] - [ DEBUG ] [ org.mybatis.spring.SqlSessionFactoryBean : 529 ] - Parsed mapper file: 'file [F:\besheweb-master\bishe-master\bishe-master\target\classes\mapping\SysUserMapper.xml]'
2019-12-24 20:01:08.384 [ restartedMain ] - [ DEBUG ] [ org.mybatis.spring.SqlSessionFactoryBean : 529 ] - Parsed mapper file: 'file [F:\besheweb-master\bishe-master\bishe-master\target\classes\mapping\UserRoleMapper.xml]'
2019-12-24 20:01:08.603 [ restartedMain ] - [ DEBUG ] [ com.github.tobato.fastdfs.conn.ConnectionManager : 46 ] - init trackerLocator [39.98.163.208:22122]
2019-12-24 20:01:08.650 [ restartedMain ] - [ DEBUG ] [ o.h.v.i.engine.resolver.TraversableResolvers : 60 ] - Cannot find javax.persistence.Persistence on classpath. Assuming non JPA 2 environment. All properties will per default be traversable.
2019-12-24 20:01:08.650 [ restartedMain ] - [ DEBUG ] [ o.h.v.m.ResourceBundleMessageInterpolator : 89 ] - Loaded expression factory via original TCCL
2019-12-24 20:01:08.650 [ restartedMain ] - [ DEBUG ] [ o.h.v.i.engine.resolver.TraversableResolvers : 60 ] - Cannot find javax.persistence.Persistence on classpath. Assuming non JPA 2 environment. All properties will per default be traversable.
2019-12-24 20:01:08.650 [ restartedMain ] - [ DEBUG ] [ o.h.validator.internal.engine.ConfigurationImpl : 148 ] - Setting custom MessageInterpolator of type org.springframework.validation.beanvalidation.LocaleContextMessageInterpolator
2019-12-24 20:01:08.650 [ restartedMain ] - [ DEBUG ] [ o.h.validator.internal.engine.ConfigurationImpl : 180 ] - Setting custom ConstraintValidatorFactory of type org.springframework.validation.beanvalidation.SpringConstraintValidatorFactory
2019-12-24 20:01:08.650 [ restartedMain ] - [ DEBUG ] [ o.h.validator.internal.engine.ConfigurationImpl : 194 ] - Setting custom ParameterNameProvider of type org.springframework.validation.beanvalidation.LocalValidatorFactoryBean$1
2019-12-24 20:01:08.650 [ restartedMain ] - [ DEBUG ] [ o.h.v.internal.xml.config.ValidationXmlParser : 120 ] - Trying to load META-INF/validation.xml for XML based Validator configuration.
2019-12-24 20:01:08.650 [ restartedMain ] - [ DEBUG ] [ o.h.v.internal.xml.config.ResourceLoaderHelper : 53 ] - Trying to load META-INF/validation.xml via user class loader
2019-12-24 20:01:08.650 [ restartedMain ] - [ DEBUG ] [ o.h.v.internal.xml.config.ResourceLoaderHelper : 60 ] - Trying to load META-INF/validation.xml via TCCL
2019-12-24 20:01:08.650 [ restartedMain ] - [ DEBUG ] [ o.h.v.internal.xml.config.ResourceLoaderHelper : 66 ] - Trying to load META-INF/validation.xml via Hibernate Validator's class loader
2019-12-24 20:01:08.650 [ restartedMain ] - [ DEBUG ] [ o.h.v.internal.xml.config.ValidationXmlParser : 127 ] - No META-INF/validation.xml found. Using annotation based configuration only.
2019-12-24 20:01:08.650 [ restartedMain ] - [ DEBUG ] [ o.h.validator.internal.engine.ValidatorFactoryImpl : 578 ] - HV000234: Using org.springframework.validation.beanvalidation.LocaleContextMessageInterpolator as ValidatorFactory-scoped message interpolator.
2019-12-24 20:01:08.650 [ restartedMain ] - [ DEBUG ] [ o.h.validator.internal.engine.ValidatorFactoryImpl : 579 ] - HV000234: Using org.hibernate.validator.internal.engine.resolver.TraverseAllTraversableResolver as ValidatorFactory-scoped traversable resolver.
2019-12-24 20:01:08.650 [ restartedMain ] - [ DEBUG ] [ o.h.validator.internal.engine.ValidatorFactoryImpl : 580 ] - HV000234: Using org.hibernate.validator.internal.util.ExecutableParameterNameProvider as ValidatorFactory-scoped parameter name provider.
2019-12-24 20:01:08.650 [ restartedMain ] - [ DEBUG ] [ o.h.validator.internal.engine.ValidatorFactoryImpl : 581 ] - HV000234: Using org.hibernate.validator.internal.engine.DefaultClockProvider as ValidatorFactory-scoped clock provider.
2019-12-24 20:01:08.650 [ restartedMain ] - [ DEBUG ] [ o.h.validator.internal.engine.ValidatorFactoryImpl : 582 ] - HV000234: Using org.hibernate.validator.internal.engine.scripting.DefaultScriptEvaluatorFactory as ValidatorFactory-scoped script evaluator factory.
2019-12-24 20:01:09.228 [ restartedMain ] - [ INFO  ] [ org.apache.coyote.http11.Http11NioProtocol : 173 ] - Starting ProtocolHandler ["http-nio-8080"]
2019-12-24 20:01:09.259 [ restartedMain ] - [ INFO  ] [ com.ynet.fullview.FullviewApplication : 59 ] - Started FullviewApplication in 5.342 seconds (JVM running for 5.805)
2019-12-24 20:01:41.801 [ http-nio-8080-exec-1 ] - [ INFO  ] [ o.a.c.core.ContainerBase.[Tomcat].[localhost].[/] : 173 ] - Initializing Spring DispatcherServlet 'dispatcherServlet'
