2020-01-07 23:28:45.089 [ main ] - [ INFO  ] [ com.ynet.fullview.FullviewApplicationTests : 50 ] - Starting FullviewApplicationTests on PC-201804011443 with PID 3972 (started by Administrator in F:\besheweb-master\bishe-master\bishe-master)
2020-01-07 23:28:45.109 [ main ] - [ DEBUG ] [ com.ynet.fullview.FullviewApplicationTests : 53 ] - Running with Spring Boot v2.1.7.RELEASE, Spring v5.1.9.RELEASE
2020-01-07 23:28:45.109 [ main ] - [ INFO  ] [ com.ynet.fullview.FullviewApplicationTests : 647 ] - No active profile set, falling back to default profiles: default
2020-01-07 23:28:46.517 [ main ] - [ DEBUG ] [ org.mybatis.spring.mapper.ClassPathMapperScanner : 437 ] - Identified candidate component class: file [F:\besheweb-master\bishe-master\bishe-master\target\classes\com\ynet\fullview\dao\AcceptOrderFlowMapper.class]
2020-01-07 23:28:46.517 [ main ] - [ DEBUG ] [ org.mybatis.spring.mapper.ClassPathMapperScanner : 437 ] - Identified candidate component class: file [F:\besheweb-master\bishe-master\bishe-master\target\classes\com\ynet\fullview\dao\AnnexMapper.class]
2020-01-07 23:28:46.518 [ main ] - [ DEBUG ] [ org.mybatis.spring.mapper.ClassPathMapperScanner : 437 ] - Identified candidate component class: file [F:\besheweb-master\bishe-master\bishe-master\target\classes\com\ynet\fullview\dao\ClassifyMapper.class]
2020-01-07 23:28:46.518 [ main ] - [ DEBUG ] [ org.mybatis.spring.mapper.ClassPathMapperScanner : 437 ] - Identified candidate component class: file [F:\besheweb-master\bishe-master\bishe-master\target\classes\com\ynet\fullview\dao\CustomerMapper.class]
2020-01-07 23:28:46.518 [ main ] - [ DEBUG ] [ org.mybatis.spring.mapper.ClassPathMapperScanner : 437 ] - Identified candidate component class: file [F:\besheweb-master\bishe-master\bishe-master\target\classes\com\ynet\fullview\dao\InOrderMapper.class]
2020-01-07 23:28:46.518 [ main ] - [ DEBUG ] [ org.mybatis.spring.mapper.ClassPathMapperScanner : 437 ] - Identified candidate component class: file [F:\besheweb-master\bishe-master\bishe-master\target\classes\com\ynet\fullview\dao\ManageOrderMapper.class]
2020-01-07 23:28:46.518 [ main ] - [ DEBUG ] [ org.mybatis.spring.mapper.ClassPathMapperScanner : 437 ] - Identified candidate component class: file [F:\besheweb-master\bishe-master\bishe-master\target\classes\com\ynet\fullview\dao\OutOrderMapper.class]
2020-01-07 23:28:46.518 [ main ] - [ DEBUG ] [ org.mybatis.spring.mapper.ClassPathMapperScanner : 437 ] - Identified candidate component class: file [F:\besheweb-master\bishe-master\bishe-master\target\classes\com\ynet\fullview\dao\ResourceMapper.class]
2020-01-07 23:28:46.519 [ main ] - [ DEBUG ] [ org.mybatis.spring.mapper.ClassPathMapperScanner : 437 ] - Identified candidate component class: file [F:\besheweb-master\bishe-master\bishe-master\target\classes\com\ynet\fullview\dao\RoleRourceMapper.class]
2020-01-07 23:28:46.519 [ main ] - [ DEBUG ] [ org.mybatis.spring.mapper.ClassPathMapperScanner : 437 ] - Identified candidate component class: file [F:\besheweb-master\bishe-master\bishe-master\target\classes\com\ynet\fullview\dao\SysRoleMapper.class]
2020-01-07 23:28:46.519 [ main ] - [ DEBUG ] [ org.mybatis.spring.mapper.ClassPathMapperScanner : 437 ] - Identified candidate component class: file [F:\besheweb-master\bishe-master\bishe-master\target\classes\com\ynet\fullview\dao\SysUserMapper.class]
2020-01-07 23:28:46.520 [ main ] - [ DEBUG ] [ org.mybatis.spring.mapper.ClassPathMapperScanner : 437 ] - Identified candidate component class: file [F:\besheweb-master\bishe-master\bishe-master\target\classes\com\ynet\fullview\dao\UserRoleMapper.class]
2020-01-07 23:28:46.520 [ main ] - [ DEBUG ] [ org.mybatis.spring.mapper.ClassPathMapperScanner : 180 ] - Creating MapperFactoryBean with name 'acceptOrderFlowMapper' and 'com.ynet.fullview.dao.AcceptOrderFlowMapper' mapperInterface
2020-01-07 23:28:46.520 [ main ] - [ DEBUG ] [ org.mybatis.spring.mapper.ClassPathMapperScanner : 216 ] - Enabling autowire by type for MapperFactoryBean with name 'acceptOrderFlowMapper'.
2020-01-07 23:28:46.521 [ main ] - [ DEBUG ] [ org.mybatis.spring.mapper.ClassPathMapperScanner : 180 ] - Creating MapperFactoryBean with name 'annexMapper' and 'com.ynet.fullview.dao.AnnexMapper' mapperInterface
2020-01-07 23:28:46.521 [ main ] - [ DEBUG ] [ org.mybatis.spring.mapper.ClassPathMapperScanner : 216 ] - Enabling autowire by type for MapperFactoryBean with name 'annexMapper'.
2020-01-07 23:28:46.521 [ main ] - [ DEBUG ] [ org.mybatis.spring.mapper.ClassPathMapperScanner : 180 ] - Creating MapperFactoryBean with name 'classifyMapper' and 'com.ynet.fullview.dao.ClassifyMapper' mapperInterface
2020-01-07 23:28:46.521 [ main ] - [ DEBUG ] [ org.mybatis.spring.mapper.ClassPathMapperScanner : 216 ] - Enabling autowire by type for MapperFactoryBean with name 'classifyMapper'.
2020-01-07 23:28:46.521 [ main ] - [ DEBUG ] [ org.mybatis.spring.mapper.ClassPathMapperScanner : 180 ] - Creating MapperFactoryBean with name 'customerMapper' and 'com.ynet.fullview.dao.CustomerMapper' mapperInterface
2020-01-07 23:28:46.522 [ main ] - [ DEBUG ] [ org.mybatis.spring.mapper.ClassPathMapperScanner : 216 ] - Enabling autowire by type for MapperFactoryBean with name 'customerMapper'.
2020-01-07 23:28:46.522 [ main ] - [ DEBUG ] [ org.mybatis.spring.mapper.ClassPathMapperScanner : 180 ] - Creating MapperFactoryBean with name 'inOrderMapper' and 'com.ynet.fullview.dao.InOrderMapper' mapperInterface
2020-01-07 23:28:46.522 [ main ] - [ DEBUG ] [ org.mybatis.spring.mapper.ClassPathMapperScanner : 216 ] - Enabling autowire by type for MapperFactoryBean with name 'inOrderMapper'.
2020-01-07 23:28:46.522 [ main ] - [ DEBUG ] [ org.mybatis.spring.mapper.ClassPathMapperScanner : 180 ] - Creating MapperFactoryBean with name 'manageOrderMapper' and 'com.ynet.fullview.dao.ManageOrderMapper' mapperInterface
2020-01-07 23:28:46.522 [ main ] - [ DEBUG ] [ org.mybatis.spring.mapper.ClassPathMapperScanner : 216 ] - Enabling autowire by type for MapperFactoryBean with name 'manageOrderMapper'.
2020-01-07 23:28:46.522 [ main ] - [ DEBUG ] [ org.mybatis.spring.mapper.ClassPathMapperScanner : 180 ] - Creating MapperFactoryBean with name 'outOrderMapper' and 'com.ynet.fullview.dao.OutOrderMapper' mapperInterface
2020-01-07 23:28:46.522 [ main ] - [ DEBUG ] [ org.mybatis.spring.mapper.ClassPathMapperScanner : 216 ] - Enabling autowire by type for MapperFactoryBean with name 'outOrderMapper'.
2020-01-07 23:28:46.522 [ main ] - [ DEBUG ] [ org.mybatis.spring.mapper.ClassPathMapperScanner : 180 ] - Creating MapperFactoryBean with name 'resourceMapper' and 'com.ynet.fullview.dao.ResourceMapper' mapperInterface
2020-01-07 23:28:46.522 [ main ] - [ DEBUG ] [ org.mybatis.spring.mapper.ClassPathMapperScanner : 216 ] - Enabling autowire by type for MapperFactoryBean with name 'resourceMapper'.
2020-01-07 23:28:46.523 [ main ] - [ DEBUG ] [ org.mybatis.spring.mapper.ClassPathMapperScanner : 180 ] - Creating MapperFactoryBean with name 'roleRourceMapper' and 'com.ynet.fullview.dao.RoleRourceMapper' mapperInterface
2020-01-07 23:28:46.524 [ main ] - [ DEBUG ] [ org.mybatis.spring.mapper.ClassPathMapperScanner : 216 ] - Enabling autowire by type for MapperFactoryBean with name 'roleRourceMapper'.
2020-01-07 23:28:46.524 [ main ] - [ DEBUG ] [ org.mybatis.spring.mapper.ClassPathMapperScanner : 180 ] - Creating MapperFactoryBean with name 'sysRoleMapper' and 'com.ynet.fullview.dao.SysRoleMapper' mapperInterface
2020-01-07 23:28:46.525 [ main ] - [ DEBUG ] [ org.mybatis.spring.mapper.ClassPathMapperScanner : 216 ] - Enabling autowire by type for MapperFactoryBean with name 'sysRoleMapper'.
2020-01-07 23:28:46.525 [ main ] - [ DEBUG ] [ org.mybatis.spring.mapper.ClassPathMapperScanner : 180 ] - Creating MapperFactoryBean with name 'sysUserMapper' and 'com.ynet.fullview.dao.SysUserMapper' mapperInterface
2020-01-07 23:28:46.525 [ main ] - [ DEBUG ] [ org.mybatis.spring.mapper.ClassPathMapperScanner : 216 ] - Enabling autowire by type for MapperFactoryBean with name 'sysUserMapper'.
2020-01-07 23:28:46.525 [ main ] - [ DEBUG ] [ org.mybatis.spring.mapper.ClassPathMapperScanner : 180 ] - Creating MapperFactoryBean with name 'userRoleMapper' and 'com.ynet.fullview.dao.UserRoleMapper' mapperInterface
2020-01-07 23:28:46.525 [ main ] - [ DEBUG ] [ org.mybatis.spring.mapper.ClassPathMapperScanner : 216 ] - Enabling autowire by type for MapperFactoryBean with name 'userRoleMapper'.
2020-01-07 23:28:47.619 [ main ] - [ DEBUG ] [ org.apache.ibatis.logging.LogFactory : 135 ] - Logging initialized using 'class org.apache.ibatis.logging.slf4j.Slf4jImpl' adapter.
2020-01-07 23:28:47.750 [ main ] - [ DEBUG ] [ org.apache.ibatis.io.VFS : 77 ] - Using VFS adapter org.mybatis.spring.boot.autoconfigure.SpringBootVFS
2020-01-07 23:28:47.752 [ main ] - [ DEBUG ] [ org.apache.ibatis.io.ResolverUtil : 256 ] - Checking to see if class com.ynet.fullview.model.AcceptOrderFlow matches criteria [is assignable to Object]
2020-01-07 23:28:47.753 [ main ] - [ DEBUG ] [ org.apache.ibatis.io.ResolverUtil : 256 ] - Checking to see if class com.ynet.fullview.model.Annex matches criteria [is assignable to Object]
2020-01-07 23:28:47.754 [ main ] - [ DEBUG ] [ org.apache.ibatis.io.ResolverUtil : 256 ] - Checking to see if class com.ynet.fullview.model.Classify matches criteria [is assignable to Object]
2020-01-07 23:28:47.754 [ main ] - [ DEBUG ] [ org.apache.ibatis.io.ResolverUtil : 256 ] - Checking to see if class com.ynet.fullview.model.InOrder matches criteria [is assignable to Object]
2020-01-07 23:28:47.755 [ main ] - [ DEBUG ] [ org.apache.ibatis.io.ResolverUtil : 256 ] - Checking to see if class com.ynet.fullview.model.OrderInfo matches criteria [is assignable to Object]
2020-01-07 23:28:47.759 [ main ] - [ DEBUG ] [ org.apache.ibatis.io.ResolverUtil : 256 ] - Checking to see if class com.ynet.fullview.model.OutOrder matches criteria [is assignable to Object]
2020-01-07 23:28:47.760 [ main ] - [ DEBUG ] [ org.apache.ibatis.io.ResolverUtil : 256 ] - Checking to see if class com.ynet.fullview.model.Resource matches criteria [is assignable to Object]
2020-01-07 23:28:47.760 [ main ] - [ DEBUG ] [ org.apache.ibatis.io.ResolverUtil : 256 ] - Checking to see if class com.ynet.fullview.model.RoleRource matches criteria [is assignable to Object]
2020-01-07 23:28:47.761 [ main ] - [ DEBUG ] [ org.apache.ibatis.io.ResolverUtil : 256 ] - Checking to see if class com.ynet.fullview.model.SysRole matches criteria [is assignable to Object]
2020-01-07 23:28:47.767 [ main ] - [ DEBUG ] [ org.apache.ibatis.io.ResolverUtil : 256 ] - Checking to see if class com.ynet.fullview.model.SysUser matches criteria [is assignable to Object]
2020-01-07 23:28:47.770 [ main ] - [ DEBUG ] [ org.apache.ibatis.io.ResolverUtil : 256 ] - Checking to see if class com.ynet.fullview.model.UserRole matches criteria [is assignable to Object]
2020-01-07 23:28:47.776 [ main ] - [ DEBUG ] [ org.mybatis.spring.SqlSessionFactoryBean : 437 ] - Scanned package: 'com.ynet.fullview.model' for aliases
2020-01-07 23:28:48.079 [ main ] - [ DEBUG ] [ org.mybatis.spring.SqlSessionFactoryBean : 529 ] - Parsed mapper file: 'file [F:\besheweb-master\bishe-master\bishe-master\target\classes\mapping\AcceptOrderFlowMapper.xml]'
2020-01-07 23:28:48.097 [ main ] - [ DEBUG ] [ org.mybatis.spring.SqlSessionFactoryBean : 529 ] - Parsed mapper file: 'file [F:\besheweb-master\bishe-master\bishe-master\target\classes\mapping\AnnexMapper.xml]'
2020-01-07 23:28:48.129 [ main ] - [ DEBUG ] [ org.mybatis.spring.SqlSessionFactoryBean : 529 ] - Parsed mapper file: 'file [F:\besheweb-master\bishe-master\bishe-master\target\classes\mapping\ClassifyMapper.xml]'
2020-01-07 23:28:48.151 [ main ] - [ DEBUG ] [ org.mybatis.spring.SqlSessionFactoryBean : 529 ] - Parsed mapper file: 'file [F:\besheweb-master\bishe-master\bishe-master\target\classes\mapping\CustomerMapper.xml]'
2020-01-07 23:28:48.171 [ main ] - [ DEBUG ] [ org.mybatis.spring.SqlSessionFactoryBean : 529 ] - Parsed mapper file: 'file [F:\besheweb-master\bishe-master\bishe-master\target\classes\mapping\InOrderMapper.xml]'
2020-01-07 23:28:48.186 [ main ] - [ DEBUG ] [ org.mybatis.spring.SqlSessionFactoryBean : 529 ] - Parsed mapper file: 'file [F:\besheweb-master\bishe-master\bishe-master\target\classes\mapping\ManageOrderMapper.xml]'
2020-01-07 23:28:48.202 [ main ] - [ DEBUG ] [ org.mybatis.spring.SqlSessionFactoryBean : 529 ] - Parsed mapper file: 'file [F:\besheweb-master\bishe-master\bishe-master\target\classes\mapping\OutOrderMapper.xml]'
2020-01-07 23:28:48.210 [ main ] - [ DEBUG ] [ org.mybatis.spring.SqlSessionFactoryBean : 529 ] - Parsed mapper file: 'file [F:\besheweb-master\bishe-master\bishe-master\target\classes\mapping\ResourceMapper.xml]'
2020-01-07 23:28:48.216 [ main ] - [ DEBUG ] [ org.mybatis.spring.SqlSessionFactoryBean : 529 ] - Parsed mapper file: 'file [F:\besheweb-master\bishe-master\bishe-master\target\classes\mapping\RoleRourceMapper.xml]'
2020-01-07 23:28:48.222 [ main ] - [ DEBUG ] [ org.mybatis.spring.SqlSessionFactoryBean : 529 ] - Parsed mapper file: 'file [F:\besheweb-master\bishe-master\bishe-master\target\classes\mapping\SysRoleMapper.xml]'
2020-01-07 23:28:48.238 [ main ] - [ DEBUG ] [ org.mybatis.spring.SqlSessionFactoryBean : 529 ] - Parsed mapper file: 'file [F:\besheweb-master\bishe-master\bishe-master\target\classes\mapping\SysUserMapper.xml]'
2020-01-07 23:28:48.267 [ main ] - [ DEBUG ] [ org.mybatis.spring.SqlSessionFactoryBean : 529 ] - Parsed mapper file: 'file [F:\besheweb-master\bishe-master\bishe-master\target\classes\mapping\UserRoleMapper.xml]'
2020-01-07 23:28:48.485 [ main ] - [ DEBUG ] [ com.github.tobato.fastdfs.conn.ConnectionManager : 46 ] - init trackerLocator [39.98.163.208:22122]
2020-01-07 23:28:48.946 [ main ] - [ DEBUG ] [ o.h.v.i.engine.resolver.TraversableResolvers : 60 ] - Cannot find javax.persistence.Persistence on classpath. Assuming non JPA 2 environment. All properties will per default be traversable.
2020-01-07 23:28:48.947 [ main ] - [ DEBUG ] [ o.h.v.m.ResourceBundleMessageInterpolator : 89 ] - Loaded expression factory via original TCCL
2020-01-07 23:28:48.955 [ main ] - [ DEBUG ] [ o.h.v.i.engine.resolver.TraversableResolvers : 60 ] - Cannot find javax.persistence.Persistence on classpath. Assuming non JPA 2 environment. All properties will per default be traversable.
2020-01-07 23:28:48.956 [ main ] - [ DEBUG ] [ o.h.validator.internal.engine.ConfigurationImpl : 148 ] - Setting custom MessageInterpolator of type org.springframework.validation.beanvalidation.LocaleContextMessageInterpolator
2020-01-07 23:28:48.958 [ main ] - [ DEBUG ] [ o.h.validator.internal.engine.ConfigurationImpl : 180 ] - Setting custom ConstraintValidatorFactory of type org.springframework.validation.beanvalidation.SpringConstraintValidatorFactory
2020-01-07 23:28:48.959 [ main ] - [ DEBUG ] [ o.h.validator.internal.engine.ConfigurationImpl : 194 ] - Setting custom ParameterNameProvider of type org.springframework.validation.beanvalidation.LocalValidatorFactoryBean$1
2020-01-07 23:28:48.960 [ main ] - [ DEBUG ] [ o.h.v.internal.xml.config.ValidationXmlParser : 120 ] - Trying to load META-INF/validation.xml for XML based Validator configuration.
2020-01-07 23:28:48.961 [ main ] - [ DEBUG ] [ o.h.v.internal.xml.config.ResourceLoaderHelper : 53 ] - Trying to load META-INF/validation.xml via user class loader
2020-01-07 23:28:48.961 [ main ] - [ DEBUG ] [ o.h.v.internal.xml.config.ResourceLoaderHelper : 60 ] - Trying to load META-INF/validation.xml via TCCL
2020-01-07 23:28:48.961 [ main ] - [ DEBUG ] [ o.h.v.internal.xml.config.ResourceLoaderHelper : 66 ] - Trying to load META-INF/validation.xml via Hibernate Validator's class loader
2020-01-07 23:28:48.962 [ main ] - [ DEBUG ] [ o.h.v.internal.xml.config.ValidationXmlParser : 127 ] - No META-INF/validation.xml found. Using annotation based configuration only.
2020-01-07 23:28:48.966 [ main ] - [ DEBUG ] [ o.h.validator.internal.engine.ValidatorFactoryImpl : 578 ] - HV000234: Using org.springframework.validation.beanvalidation.LocaleContextMessageInterpolator as ValidatorFactory-scoped message interpolator.
2020-01-07 23:28:48.966 [ main ] - [ DEBUG ] [ o.h.validator.internal.engine.ValidatorFactoryImpl : 579 ] - HV000234: Using org.hibernate.validator.internal.engine.resolver.TraverseAllTraversableResolver as ValidatorFactory-scoped traversable resolver.
2020-01-07 23:28:48.966 [ main ] - [ DEBUG ] [ o.h.validator.internal.engine.ValidatorFactoryImpl : 580 ] - HV000234: Using org.hibernate.validator.internal.util.ExecutableParameterNameProvider as ValidatorFactory-scoped parameter name provider.
2020-01-07 23:28:48.966 [ main ] - [ DEBUG ] [ o.h.validator.internal.engine.ValidatorFactoryImpl : 581 ] - HV000234: Using org.hibernate.validator.internal.engine.DefaultClockProvider as ValidatorFactory-scoped clock provider.
2020-01-07 23:28:48.967 [ main ] - [ DEBUG ] [ o.h.validator.internal.engine.ValidatorFactoryImpl : 582 ] - HV000234: Using org.hibernate.validator.internal.engine.scripting.DefaultScriptEvaluatorFactory as ValidatorFactory-scoped script evaluator factory.
2020-01-07 23:28:50.811 [ main ] - [ INFO  ] [ com.ynet.fullview.FullviewApplicationTests : 59 ] - Started FullviewApplicationTests in 6.499 seconds (JVM running for 8.417)
