2020-01-06 22:52:48.530 [ main ] - [ INFO  ] [ com.ynet.fullview.FullviewApplicationTests : 50 ] - Starting FullviewApplicationTests on PC-201804011443 with PID 9504 (started by Administrator in F:\besheweb-master\bishe-master\bishe-master)
2020-01-06 22:52:48.561 [ main ] - [ DEBUG ] [ com.ynet.fullview.FullviewApplicationTests : 53 ] - Running with Spring Boot v2.1.7.RELEASE, Spring v5.1.9.RELEASE
2020-01-06 22:52:48.561 [ main ] - [ INFO  ] [ com.ynet.fullview.FullviewApplicationTests : 647 ] - No active profile set, falling back to default profiles: default
2020-01-06 22:52:49.583 [ main ] - [ DEBUG ] [ org.mybatis.spring.mapper.ClassPathMapperScanner : 437 ] - Identified candidate component class: file [F:\besheweb-master\bishe-master\bishe-master\target\classes\com\ynet\fullview\dao\AcceptOrderFlowMapper.class]
2020-01-06 22:52:49.583 [ main ] - [ DEBUG ] [ org.mybatis.spring.mapper.ClassPathMapperScanner : 437 ] - Identified candidate component class: file [F:\besheweb-master\bishe-master\bishe-master\target\classes\com\ynet\fullview\dao\AnnexMapper.class]
2020-01-06 22:52:49.583 [ main ] - [ DEBUG ] [ org.mybatis.spring.mapper.ClassPathMapperScanner : 437 ] - Identified candidate component class: file [F:\besheweb-master\bishe-master\bishe-master\target\classes\com\ynet\fullview\dao\ClassifyMapper.class]
2020-01-06 22:52:49.583 [ main ] - [ DEBUG ] [ org.mybatis.spring.mapper.ClassPathMapperScanner : 437 ] - Identified candidate component class: file [F:\besheweb-master\bishe-master\bishe-master\target\classes\com\ynet\fullview\dao\CustomerMapper.class]
2020-01-06 22:52:49.583 [ main ] - [ DEBUG ] [ org.mybatis.spring.mapper.ClassPathMapperScanner : 437 ] - Identified candidate component class: file [F:\besheweb-master\bishe-master\bishe-master\target\classes\com\ynet\fullview\dao\InOrderMapper.class]
2020-01-06 22:52:49.583 [ main ] - [ DEBUG ] [ org.mybatis.spring.mapper.ClassPathMapperScanner : 437 ] - Identified candidate component class: file [F:\besheweb-master\bishe-master\bishe-master\target\classes\com\ynet\fullview\dao\ManageOrderMapper.class]
2020-01-06 22:52:49.583 [ main ] - [ DEBUG ] [ org.mybatis.spring.mapper.ClassPathMapperScanner : 437 ] - Identified candidate component class: file [F:\besheweb-master\bishe-master\bishe-master\target\classes\com\ynet\fullview\dao\OutOrderMapper.class]
2020-01-06 22:52:49.583 [ main ] - [ DEBUG ] [ org.mybatis.spring.mapper.ClassPathMapperScanner : 437 ] - Identified candidate component class: file [F:\besheweb-master\bishe-master\bishe-master\target\classes\com\ynet\fullview\dao\ResourceMapper.class]
2020-01-06 22:52:49.583 [ main ] - [ DEBUG ] [ org.mybatis.spring.mapper.ClassPathMapperScanner : 437 ] - Identified candidate component class: file [F:\besheweb-master\bishe-master\bishe-master\target\classes\com\ynet\fullview\dao\RoleRourceMapper.class]
2020-01-06 22:52:49.583 [ main ] - [ DEBUG ] [ org.mybatis.spring.mapper.ClassPathMapperScanner : 437 ] - Identified candidate component class: file [F:\besheweb-master\bishe-master\bishe-master\target\classes\com\ynet\fullview\dao\SysRoleMapper.class]
2020-01-06 22:52:49.583 [ main ] - [ DEBUG ] [ org.mybatis.spring.mapper.ClassPathMapperScanner : 437 ] - Identified candidate component class: file [F:\besheweb-master\bishe-master\bishe-master\target\classes\com\ynet\fullview\dao\SysUserMapper.class]
2020-01-06 22:52:49.583 [ main ] - [ DEBUG ] [ org.mybatis.spring.mapper.ClassPathMapperScanner : 437 ] - Identified candidate component class: file [F:\besheweb-master\bishe-master\bishe-master\target\classes\com\ynet\fullview\dao\UserRoleMapper.class]
2020-01-06 22:52:49.583 [ main ] - [ DEBUG ] [ org.mybatis.spring.mapper.ClassPathMapperScanner : 180 ] - Creating MapperFactoryBean with name 'acceptOrderFlowMapper' and 'com.ynet.fullview.dao.AcceptOrderFlowMapper' mapperInterface
2020-01-06 22:52:49.583 [ main ] - [ DEBUG ] [ org.mybatis.spring.mapper.ClassPathMapperScanner : 216 ] - Enabling autowire by type for MapperFactoryBean with name 'acceptOrderFlowMapper'.
2020-01-06 22:52:49.583 [ main ] - [ DEBUG ] [ org.mybatis.spring.mapper.ClassPathMapperScanner : 180 ] - Creating MapperFactoryBean with name 'annexMapper' and 'com.ynet.fullview.dao.AnnexMapper' mapperInterface
2020-01-06 22:52:49.583 [ main ] - [ DEBUG ] [ org.mybatis.spring.mapper.ClassPathMapperScanner : 216 ] - Enabling autowire by type for MapperFactoryBean with name 'annexMapper'.
2020-01-06 22:52:49.583 [ main ] - [ DEBUG ] [ org.mybatis.spring.mapper.ClassPathMapperScanner : 180 ] - Creating MapperFactoryBean with name 'classifyMapper' and 'com.ynet.fullview.dao.ClassifyMapper' mapperInterface
2020-01-06 22:52:49.583 [ main ] - [ DEBUG ] [ org.mybatis.spring.mapper.ClassPathMapperScanner : 216 ] - Enabling autowire by type for MapperFactoryBean with name 'classifyMapper'.
2020-01-06 22:52:49.599 [ main ] - [ DEBUG ] [ org.mybatis.spring.mapper.ClassPathMapperScanner : 180 ] - Creating MapperFactoryBean with name 'customerMapper' and 'com.ynet.fullview.dao.CustomerMapper' mapperInterface
2020-01-06 22:52:49.599 [ main ] - [ DEBUG ] [ org.mybatis.spring.mapper.ClassPathMapperScanner : 216 ] - Enabling autowire by type for MapperFactoryBean with name 'customerMapper'.
2020-01-06 22:52:49.599 [ main ] - [ DEBUG ] [ org.mybatis.spring.mapper.ClassPathMapperScanner : 180 ] - Creating MapperFactoryBean with name 'inOrderMapper' and 'com.ynet.fullview.dao.InOrderMapper' mapperInterface
2020-01-06 22:52:49.599 [ main ] - [ DEBUG ] [ org.mybatis.spring.mapper.ClassPathMapperScanner : 216 ] - Enabling autowire by type for MapperFactoryBean with name 'inOrderMapper'.
2020-01-06 22:52:49.599 [ main ] - [ DEBUG ] [ org.mybatis.spring.mapper.ClassPathMapperScanner : 180 ] - Creating MapperFactoryBean with name 'manageOrderMapper' and 'com.ynet.fullview.dao.ManageOrderMapper' mapperInterface
2020-01-06 22:52:49.599 [ main ] - [ DEBUG ] [ org.mybatis.spring.mapper.ClassPathMapperScanner : 216 ] - Enabling autowire by type for MapperFactoryBean with name 'manageOrderMapper'.
2020-01-06 22:52:49.599 [ main ] - [ DEBUG ] [ org.mybatis.spring.mapper.ClassPathMapperScanner : 180 ] - Creating MapperFactoryBean with name 'outOrderMapper' and 'com.ynet.fullview.dao.OutOrderMapper' mapperInterface
2020-01-06 22:52:49.599 [ main ] - [ DEBUG ] [ org.mybatis.spring.mapper.ClassPathMapperScanner : 216 ] - Enabling autowire by type for MapperFactoryBean with name 'outOrderMapper'.
2020-01-06 22:52:49.599 [ main ] - [ DEBUG ] [ org.mybatis.spring.mapper.ClassPathMapperScanner : 180 ] - Creating MapperFactoryBean with name 'resourceMapper' and 'com.ynet.fullview.dao.ResourceMapper' mapperInterface
2020-01-06 22:52:49.599 [ main ] - [ DEBUG ] [ org.mybatis.spring.mapper.ClassPathMapperScanner : 216 ] - Enabling autowire by type for MapperFactoryBean with name 'resourceMapper'.
2020-01-06 22:52:49.599 [ main ] - [ DEBUG ] [ org.mybatis.spring.mapper.ClassPathMapperScanner : 180 ] - Creating MapperFactoryBean with name 'roleRourceMapper' and 'com.ynet.fullview.dao.RoleRourceMapper' mapperInterface
2020-01-06 22:52:49.599 [ main ] - [ DEBUG ] [ org.mybatis.spring.mapper.ClassPathMapperScanner : 216 ] - Enabling autowire by type for MapperFactoryBean with name 'roleRourceMapper'.
2020-01-06 22:52:49.599 [ main ] - [ DEBUG ] [ org.mybatis.spring.mapper.ClassPathMapperScanner : 180 ] - Creating MapperFactoryBean with name 'sysRoleMapper' and 'com.ynet.fullview.dao.SysRoleMapper' mapperInterface
2020-01-06 22:52:49.599 [ main ] - [ DEBUG ] [ org.mybatis.spring.mapper.ClassPathMapperScanner : 216 ] - Enabling autowire by type for MapperFactoryBean with name 'sysRoleMapper'.
2020-01-06 22:52:49.599 [ main ] - [ DEBUG ] [ org.mybatis.spring.mapper.ClassPathMapperScanner : 180 ] - Creating MapperFactoryBean with name 'sysUserMapper' and 'com.ynet.fullview.dao.SysUserMapper' mapperInterface
2020-01-06 22:52:49.599 [ main ] - [ DEBUG ] [ org.mybatis.spring.mapper.ClassPathMapperScanner : 216 ] - Enabling autowire by type for MapperFactoryBean with name 'sysUserMapper'.
2020-01-06 22:52:49.599 [ main ] - [ DEBUG ] [ org.mybatis.spring.mapper.ClassPathMapperScanner : 180 ] - Creating MapperFactoryBean with name 'userRoleMapper' and 'com.ynet.fullview.dao.UserRoleMapper' mapperInterface
2020-01-06 22:52:49.599 [ main ] - [ DEBUG ] [ org.mybatis.spring.mapper.ClassPathMapperScanner : 216 ] - Enabling autowire by type for MapperFactoryBean with name 'userRoleMapper'.
2020-01-06 22:52:50.346 [ main ] - [ DEBUG ] [ org.apache.ibatis.logging.LogFactory : 135 ] - Logging initialized using 'class org.apache.ibatis.logging.slf4j.Slf4jImpl' adapter.
2020-01-06 22:52:50.393 [ main ] - [ DEBUG ] [ org.apache.ibatis.io.VFS : 77 ] - Using VFS adapter org.mybatis.spring.boot.autoconfigure.SpringBootVFS
2020-01-06 22:52:50.393 [ main ] - [ DEBUG ] [ org.apache.ibatis.io.ResolverUtil : 256 ] - Checking to see if class com.ynet.fullview.model.AcceptOrderFlow matches criteria [is assignable to Object]
2020-01-06 22:52:50.393 [ main ] - [ DEBUG ] [ org.apache.ibatis.io.ResolverUtil : 256 ] - Checking to see if class com.ynet.fullview.model.Annex matches criteria [is assignable to Object]
2020-01-06 22:52:50.393 [ main ] - [ DEBUG ] [ org.apache.ibatis.io.ResolverUtil : 256 ] - Checking to see if class com.ynet.fullview.model.Classify matches criteria [is assignable to Object]
2020-01-06 22:52:50.393 [ main ] - [ DEBUG ] [ org.apache.ibatis.io.ResolverUtil : 256 ] - Checking to see if class com.ynet.fullview.model.InOrder matches criteria [is assignable to Object]
2020-01-06 22:52:50.393 [ main ] - [ DEBUG ] [ org.apache.ibatis.io.ResolverUtil : 256 ] - Checking to see if class com.ynet.fullview.model.OrderInfo matches criteria [is assignable to Object]
2020-01-06 22:52:50.393 [ main ] - [ DEBUG ] [ org.apache.ibatis.io.ResolverUtil : 256 ] - Checking to see if class com.ynet.fullview.model.OutOrder matches criteria [is assignable to Object]
2020-01-06 22:52:50.393 [ main ] - [ DEBUG ] [ org.apache.ibatis.io.ResolverUtil : 256 ] - Checking to see if class com.ynet.fullview.model.Resource matches criteria [is assignable to Object]
2020-01-06 22:52:50.393 [ main ] - [ DEBUG ] [ org.apache.ibatis.io.ResolverUtil : 256 ] - Checking to see if class com.ynet.fullview.model.RoleRource matches criteria [is assignable to Object]
2020-01-06 22:52:50.393 [ main ] - [ DEBUG ] [ org.apache.ibatis.io.ResolverUtil : 256 ] - Checking to see if class com.ynet.fullview.model.SysRole matches criteria [is assignable to Object]
2020-01-06 22:52:50.393 [ main ] - [ DEBUG ] [ org.apache.ibatis.io.ResolverUtil : 256 ] - Checking to see if class com.ynet.fullview.model.SysUser matches criteria [is assignable to Object]
2020-01-06 22:52:50.393 [ main ] - [ DEBUG ] [ org.apache.ibatis.io.ResolverUtil : 256 ] - Checking to see if class com.ynet.fullview.model.UserRole matches criteria [is assignable to Object]
2020-01-06 22:52:50.393 [ main ] - [ DEBUG ] [ org.mybatis.spring.SqlSessionFactoryBean : 437 ] - Scanned package: 'com.ynet.fullview.model' for aliases
2020-01-06 22:52:50.549 [ main ] - [ DEBUG ] [ org.mybatis.spring.SqlSessionFactoryBean : 529 ] - Parsed mapper file: 'file [F:\besheweb-master\bishe-master\bishe-master\target\classes\mapping\AcceptOrderFlowMapper.xml]'
2020-01-06 22:52:50.549 [ main ] - [ DEBUG ] [ org.mybatis.spring.SqlSessionFactoryBean : 529 ] - Parsed mapper file: 'file [F:\besheweb-master\bishe-master\bishe-master\target\classes\mapping\AnnexMapper.xml]'
2020-01-06 22:52:50.565 [ main ] - [ DEBUG ] [ org.mybatis.spring.SqlSessionFactoryBean : 529 ] - Parsed mapper file: 'file [F:\besheweb-master\bishe-master\bishe-master\target\classes\mapping\ClassifyMapper.xml]'
2020-01-06 22:52:50.581 [ main ] - [ DEBUG ] [ org.mybatis.spring.SqlSessionFactoryBean : 529 ] - Parsed mapper file: 'file [F:\besheweb-master\bishe-master\bishe-master\target\classes\mapping\CustomerMapper.xml]'
2020-01-06 22:52:50.596 [ main ] - [ DEBUG ] [ org.mybatis.spring.SqlSessionFactoryBean : 529 ] - Parsed mapper file: 'file [F:\besheweb-master\bishe-master\bishe-master\target\classes\mapping\InOrderMapper.xml]'
2020-01-06 22:52:50.628 [ main ] - [ DEBUG ] [ org.mybatis.spring.SqlSessionFactoryBean : 529 ] - Parsed mapper file: 'file [F:\besheweb-master\bishe-master\bishe-master\target\classes\mapping\ManageOrderMapper.xml]'
2020-01-06 22:52:50.643 [ main ] - [ DEBUG ] [ org.mybatis.spring.SqlSessionFactoryBean : 529 ] - Parsed mapper file: 'file [F:\besheweb-master\bishe-master\bishe-master\target\classes\mapping\OutOrderMapper.xml]'
2020-01-06 22:52:50.674 [ main ] - [ DEBUG ] [ org.mybatis.spring.SqlSessionFactoryBean : 529 ] - Parsed mapper file: 'file [F:\besheweb-master\bishe-master\bishe-master\target\classes\mapping\ResourceMapper.xml]'
2020-01-06 22:52:50.674 [ main ] - [ DEBUG ] [ org.mybatis.spring.SqlSessionFactoryBean : 529 ] - Parsed mapper file: 'file [F:\besheweb-master\bishe-master\bishe-master\target\classes\mapping\RoleRourceMapper.xml]'
2020-01-06 22:52:50.674 [ main ] - [ DEBUG ] [ org.mybatis.spring.SqlSessionFactoryBean : 529 ] - Parsed mapper file: 'file [F:\besheweb-master\bishe-master\bishe-master\target\classes\mapping\SysRoleMapper.xml]'
2020-01-06 22:52:50.690 [ main ] - [ DEBUG ] [ org.mybatis.spring.SqlSessionFactoryBean : 529 ] - Parsed mapper file: 'file [F:\besheweb-master\bishe-master\bishe-master\target\classes\mapping\SysUserMapper.xml]'
2020-01-06 22:52:50.690 [ main ] - [ DEBUG ] [ org.mybatis.spring.SqlSessionFactoryBean : 529 ] - Parsed mapper file: 'file [F:\besheweb-master\bishe-master\bishe-master\target\classes\mapping\UserRoleMapper.xml]'
2020-01-06 22:52:50.863 [ main ] - [ DEBUG ] [ com.github.tobato.fastdfs.conn.ConnectionManager : 46 ] - init trackerLocator [39.98.163.208:22122]
2020-01-06 22:52:51.191 [ main ] - [ DEBUG ] [ o.h.v.i.engine.resolver.TraversableResolvers : 60 ] - Cannot find javax.persistence.Persistence on classpath. Assuming non JPA 2 environment. All properties will per default be traversable.
2020-01-06 22:52:51.191 [ main ] - [ DEBUG ] [ o.h.v.m.ResourceBundleMessageInterpolator : 89 ] - Loaded expression factory via original TCCL
2020-01-06 22:52:51.191 [ main ] - [ DEBUG ] [ o.h.v.i.engine.resolver.TraversableResolvers : 60 ] - Cannot find javax.persistence.Persistence on classpath. Assuming non JPA 2 environment. All properties will per default be traversable.
2020-01-06 22:52:51.191 [ main ] - [ DEBUG ] [ o.h.validator.internal.engine.ConfigurationImpl : 148 ] - Setting custom MessageInterpolator of type org.springframework.validation.beanvalidation.LocaleContextMessageInterpolator
2020-01-06 22:52:51.191 [ main ] - [ DEBUG ] [ o.h.validator.internal.engine.ConfigurationImpl : 180 ] - Setting custom ConstraintValidatorFactory of type org.springframework.validation.beanvalidation.SpringConstraintValidatorFactory
2020-01-06 22:52:51.191 [ main ] - [ DEBUG ] [ o.h.validator.internal.engine.ConfigurationImpl : 194 ] - Setting custom ParameterNameProvider of type org.springframework.validation.beanvalidation.LocalValidatorFactoryBean$1
2020-01-06 22:52:51.191 [ main ] - [ DEBUG ] [ o.h.v.internal.xml.config.ValidationXmlParser : 120 ] - Trying to load META-INF/validation.xml for XML based Validator configuration.
2020-01-06 22:52:51.191 [ main ] - [ DEBUG ] [ o.h.v.internal.xml.config.ResourceLoaderHelper : 53 ] - Trying to load META-INF/validation.xml via user class loader
2020-01-06 22:52:51.191 [ main ] - [ DEBUG ] [ o.h.v.internal.xml.config.ResourceLoaderHelper : 60 ] - Trying to load META-INF/validation.xml via TCCL
2020-01-06 22:52:51.191 [ main ] - [ DEBUG ] [ o.h.v.internal.xml.config.ResourceLoaderHelper : 66 ] - Trying to load META-INF/validation.xml via Hibernate Validator's class loader
2020-01-06 22:52:51.191 [ main ] - [ DEBUG ] [ o.h.v.internal.xml.config.ValidationXmlParser : 127 ] - No META-INF/validation.xml found. Using annotation based configuration only.
2020-01-06 22:52:51.191 [ main ] - [ DEBUG ] [ o.h.validator.internal.engine.ValidatorFactoryImpl : 578 ] - HV000234: Using org.springframework.validation.beanvalidation.LocaleContextMessageInterpolator as ValidatorFactory-scoped message interpolator.
2020-01-06 22:52:51.191 [ main ] - [ DEBUG ] [ o.h.validator.internal.engine.ValidatorFactoryImpl : 579 ] - HV000234: Using org.hibernate.validator.internal.engine.resolver.TraverseAllTraversableResolver as ValidatorFactory-scoped traversable resolver.
2020-01-06 22:52:51.191 [ main ] - [ DEBUG ] [ o.h.validator.internal.engine.ValidatorFactoryImpl : 580 ] - HV000234: Using org.hibernate.validator.internal.util.ExecutableParameterNameProvider as ValidatorFactory-scoped parameter name provider.
2020-01-06 22:52:51.191 [ main ] - [ DEBUG ] [ o.h.validator.internal.engine.ValidatorFactoryImpl : 581 ] - HV000234: Using org.hibernate.validator.internal.engine.DefaultClockProvider as ValidatorFactory-scoped clock provider.
2020-01-06 22:52:51.191 [ main ] - [ DEBUG ] [ o.h.validator.internal.engine.ValidatorFactoryImpl : 582 ] - HV000234: Using org.hibernate.validator.internal.engine.scripting.DefaultScriptEvaluatorFactory as ValidatorFactory-scoped script evaluator factory.
2020-01-06 22:52:52.192 [ main ] - [ INFO  ] [ com.ynet.fullview.FullviewApplicationTests : 59 ] - Started FullviewApplicationTests in 4.368 seconds (JVM running for 5.614)
2020-01-06 22:53:22.261 [ main ] - [ INFO  ] [ com.ynet.fullview.FullviewApplicationTests : 50 ] - Starting FullviewApplicationTests on PC-201804011443 with PID 15792 (started by Administrator in F:\besheweb-master\bishe-master\bishe-master)
2020-01-06 22:53:22.261 [ main ] - [ DEBUG ] [ com.ynet.fullview.FullviewApplicationTests : 53 ] - Running with Spring Boot v2.1.7.RELEASE, Spring v5.1.9.RELEASE
2020-01-06 22:53:22.261 [ main ] - [ INFO  ] [ com.ynet.fullview.FullviewApplicationTests : 647 ] - No active profile set, falling back to default profiles: default
2020-01-06 22:53:23.172 [ main ] - [ DEBUG ] [ org.mybatis.spring.mapper.ClassPathMapperScanner : 437 ] - Identified candidate component class: file [F:\besheweb-master\bishe-master\bishe-master\target\classes\com\ynet\fullview\dao\AcceptOrderFlowMapper.class]
2020-01-06 22:53:23.172 [ main ] - [ DEBUG ] [ org.mybatis.spring.mapper.ClassPathMapperScanner : 437 ] - Identified candidate component class: file [F:\besheweb-master\bishe-master\bishe-master\target\classes\com\ynet\fullview\dao\AnnexMapper.class]
2020-01-06 22:53:23.172 [ main ] - [ DEBUG ] [ org.mybatis.spring.mapper.ClassPathMapperScanner : 437 ] - Identified candidate component class: file [F:\besheweb-master\bishe-master\bishe-master\target\classes\com\ynet\fullview\dao\ClassifyMapper.class]
2020-01-06 22:53:23.188 [ main ] - [ DEBUG ] [ org.mybatis.spring.mapper.ClassPathMapperScanner : 437 ] - Identified candidate component class: file [F:\besheweb-master\bishe-master\bishe-master\target\classes\com\ynet\fullview\dao\CustomerMapper.class]
2020-01-06 22:53:23.188 [ main ] - [ DEBUG ] [ org.mybatis.spring.mapper.ClassPathMapperScanner : 437 ] - Identified candidate component class: file [F:\besheweb-master\bishe-master\bishe-master\target\classes\com\ynet\fullview\dao\InOrderMapper.class]
2020-01-06 22:53:23.188 [ main ] - [ DEBUG ] [ org.mybatis.spring.mapper.ClassPathMapperScanner : 437 ] - Identified candidate component class: file [F:\besheweb-master\bishe-master\bishe-master\target\classes\com\ynet\fullview\dao\ManageOrderMapper.class]
2020-01-06 22:53:23.188 [ main ] - [ DEBUG ] [ org.mybatis.spring.mapper.ClassPathMapperScanner : 437 ] - Identified candidate component class: file [F:\besheweb-master\bishe-master\bishe-master\target\classes\com\ynet\fullview\dao\OutOrderMapper.class]
2020-01-06 22:53:23.188 [ main ] - [ DEBUG ] [ org.mybatis.spring.mapper.ClassPathMapperScanner : 437 ] - Identified candidate component class: file [F:\besheweb-master\bishe-master\bishe-master\target\classes\com\ynet\fullview\dao\ResourceMapper.class]
2020-01-06 22:53:23.188 [ main ] - [ DEBUG ] [ org.mybatis.spring.mapper.ClassPathMapperScanner : 437 ] - Identified candidate component class: file [F:\besheweb-master\bishe-master\bishe-master\target\classes\com\ynet\fullview\dao\RoleRourceMapper.class]
2020-01-06 22:53:23.188 [ main ] - [ DEBUG ] [ org.mybatis.spring.mapper.ClassPathMapperScanner : 437 ] - Identified candidate component class: file [F:\besheweb-master\bishe-master\bishe-master\target\classes\com\ynet\fullview\dao\SysRoleMapper.class]
2020-01-06 22:53:23.188 [ main ] - [ DEBUG ] [ org.mybatis.spring.mapper.ClassPathMapperScanner : 437 ] - Identified candidate component class: file [F:\besheweb-master\bishe-master\bishe-master\target\classes\com\ynet\fullview\dao\SysUserMapper.class]
2020-01-06 22:53:23.188 [ main ] - [ DEBUG ] [ org.mybatis.spring.mapper.ClassPathMapperScanner : 437 ] - Identified candidate component class: file [F:\besheweb-master\bishe-master\bishe-master\target\classes\com\ynet\fullview\dao\UserRoleMapper.class]
2020-01-06 22:53:23.188 [ main ] - [ DEBUG ] [ org.mybatis.spring.mapper.ClassPathMapperScanner : 180 ] - Creating MapperFactoryBean with name 'acceptOrderFlowMapper' and 'com.ynet.fullview.dao.AcceptOrderFlowMapper' mapperInterface
2020-01-06 22:53:23.188 [ main ] - [ DEBUG ] [ org.mybatis.spring.mapper.ClassPathMapperScanner : 216 ] - Enabling autowire by type for MapperFactoryBean with name 'acceptOrderFlowMapper'.
2020-01-06 22:53:23.188 [ main ] - [ DEBUG ] [ org.mybatis.spring.mapper.ClassPathMapperScanner : 180 ] - Creating MapperFactoryBean with name 'annexMapper' and 'com.ynet.fullview.dao.AnnexMapper' mapperInterface
2020-01-06 22:53:23.188 [ main ] - [ DEBUG ] [ org.mybatis.spring.mapper.ClassPathMapperScanner : 216 ] - Enabling autowire by type for MapperFactoryBean with name 'annexMapper'.
2020-01-06 22:53:23.188 [ main ] - [ DEBUG ] [ org.mybatis.spring.mapper.ClassPathMapperScanner : 180 ] - Creating MapperFactoryBean with name 'classifyMapper' and 'com.ynet.fullview.dao.ClassifyMapper' mapperInterface
2020-01-06 22:53:23.188 [ main ] - [ DEBUG ] [ org.mybatis.spring.mapper.ClassPathMapperScanner : 216 ] - Enabling autowire by type for MapperFactoryBean with name 'classifyMapper'.
2020-01-06 22:53:23.188 [ main ] - [ DEBUG ] [ org.mybatis.spring.mapper.ClassPathMapperScanner : 180 ] - Creating MapperFactoryBean with name 'customerMapper' and 'com.ynet.fullview.dao.CustomerMapper' mapperInterface
2020-01-06 22:53:23.188 [ main ] - [ DEBUG ] [ org.mybatis.spring.mapper.ClassPathMapperScanner : 216 ] - Enabling autowire by type for MapperFactoryBean with name 'customerMapper'.
2020-01-06 22:53:23.188 [ main ] - [ DEBUG ] [ org.mybatis.spring.mapper.ClassPathMapperScanner : 180 ] - Creating MapperFactoryBean with name 'inOrderMapper' and 'com.ynet.fullview.dao.InOrderMapper' mapperInterface
2020-01-06 22:53:23.188 [ main ] - [ DEBUG ] [ org.mybatis.spring.mapper.ClassPathMapperScanner : 216 ] - Enabling autowire by type for MapperFactoryBean with name 'inOrderMapper'.
2020-01-06 22:53:23.204 [ main ] - [ DEBUG ] [ org.mybatis.spring.mapper.ClassPathMapperScanner : 180 ] - Creating MapperFactoryBean with name 'manageOrderMapper' and 'com.ynet.fullview.dao.ManageOrderMapper' mapperInterface
2020-01-06 22:53:23.204 [ main ] - [ DEBUG ] [ org.mybatis.spring.mapper.ClassPathMapperScanner : 216 ] - Enabling autowire by type for MapperFactoryBean with name 'manageOrderMapper'.
2020-01-06 22:53:23.204 [ main ] - [ DEBUG ] [ org.mybatis.spring.mapper.ClassPathMapperScanner : 180 ] - Creating MapperFactoryBean with name 'outOrderMapper' and 'com.ynet.fullview.dao.OutOrderMapper' mapperInterface
2020-01-06 22:53:23.204 [ main ] - [ DEBUG ] [ org.mybatis.spring.mapper.ClassPathMapperScanner : 216 ] - Enabling autowire by type for MapperFactoryBean with name 'outOrderMapper'.
2020-01-06 22:53:23.204 [ main ] - [ DEBUG ] [ org.mybatis.spring.mapper.ClassPathMapperScanner : 180 ] - Creating MapperFactoryBean with name 'resourceMapper' and 'com.ynet.fullview.dao.ResourceMapper' mapperInterface
2020-01-06 22:53:23.204 [ main ] - [ DEBUG ] [ org.mybatis.spring.mapper.ClassPathMapperScanner : 216 ] - Enabling autowire by type for MapperFactoryBean with name 'resourceMapper'.
2020-01-06 22:53:23.204 [ main ] - [ DEBUG ] [ org.mybatis.spring.mapper.ClassPathMapperScanner : 180 ] - Creating MapperFactoryBean with name 'roleRourceMapper' and 'com.ynet.fullview.dao.RoleRourceMapper' mapperInterface
2020-01-06 22:53:23.204 [ main ] - [ DEBUG ] [ org.mybatis.spring.mapper.ClassPathMapperScanner : 216 ] - Enabling autowire by type for MapperFactoryBean with name 'roleRourceMapper'.
2020-01-06 22:53:23.204 [ main ] - [ DEBUG ] [ org.mybatis.spring.mapper.ClassPathMapperScanner : 180 ] - Creating MapperFactoryBean with name 'sysRoleMapper' and 'com.ynet.fullview.dao.SysRoleMapper' mapperInterface
2020-01-06 22:53:23.204 [ main ] - [ DEBUG ] [ org.mybatis.spring.mapper.ClassPathMapperScanner : 216 ] - Enabling autowire by type for MapperFactoryBean with name 'sysRoleMapper'.
2020-01-06 22:53:23.204 [ main ] - [ DEBUG ] [ org.mybatis.spring.mapper.ClassPathMapperScanner : 180 ] - Creating MapperFactoryBean with name 'sysUserMapper' and 'com.ynet.fullview.dao.SysUserMapper' mapperInterface
2020-01-06 22:53:23.204 [ main ] - [ DEBUG ] [ org.mybatis.spring.mapper.ClassPathMapperScanner : 216 ] - Enabling autowire by type for MapperFactoryBean with name 'sysUserMapper'.
2020-01-06 22:53:23.204 [ main ] - [ DEBUG ] [ org.mybatis.spring.mapper.ClassPathMapperScanner : 180 ] - Creating MapperFactoryBean with name 'userRoleMapper' and 'com.ynet.fullview.dao.UserRoleMapper' mapperInterface
2020-01-06 22:53:23.204 [ main ] - [ DEBUG ] [ org.mybatis.spring.mapper.ClassPathMapperScanner : 216 ] - Enabling autowire by type for MapperFactoryBean with name 'userRoleMapper'.
2020-01-06 22:53:23.843 [ main ] - [ DEBUG ] [ org.apache.ibatis.logging.LogFactory : 135 ] - Logging initialized using 'class org.apache.ibatis.logging.slf4j.Slf4jImpl' adapter.
2020-01-06 22:53:23.874 [ main ] - [ DEBUG ] [ org.apache.ibatis.io.VFS : 77 ] - Using VFS adapter org.mybatis.spring.boot.autoconfigure.SpringBootVFS
2020-01-06 22:53:23.890 [ main ] - [ DEBUG ] [ org.apache.ibatis.io.ResolverUtil : 256 ] - Checking to see if class com.ynet.fullview.model.AcceptOrderFlow matches criteria [is assignable to Object]
2020-01-06 22:53:23.890 [ main ] - [ DEBUG ] [ org.apache.ibatis.io.ResolverUtil : 256 ] - Checking to see if class com.ynet.fullview.model.Annex matches criteria [is assignable to Object]
2020-01-06 22:53:23.890 [ main ] - [ DEBUG ] [ org.apache.ibatis.io.ResolverUtil : 256 ] - Checking to see if class com.ynet.fullview.model.Classify matches criteria [is assignable to Object]
2020-01-06 22:53:23.890 [ main ] - [ DEBUG ] [ org.apache.ibatis.io.ResolverUtil : 256 ] - Checking to see if class com.ynet.fullview.model.InOrder matches criteria [is assignable to Object]
2020-01-06 22:53:23.890 [ main ] - [ DEBUG ] [ org.apache.ibatis.io.ResolverUtil : 256 ] - Checking to see if class com.ynet.fullview.model.OrderInfo matches criteria [is assignable to Object]
2020-01-06 22:53:23.890 [ main ] - [ DEBUG ] [ org.apache.ibatis.io.ResolverUtil : 256 ] - Checking to see if class com.ynet.fullview.model.OutOrder matches criteria [is assignable to Object]
2020-01-06 22:53:23.890 [ main ] - [ DEBUG ] [ org.apache.ibatis.io.ResolverUtil : 256 ] - Checking to see if class com.ynet.fullview.model.Resource matches criteria [is assignable to Object]
2020-01-06 22:53:23.890 [ main ] - [ DEBUG ] [ org.apache.ibatis.io.ResolverUtil : 256 ] - Checking to see if class com.ynet.fullview.model.RoleRource matches criteria [is assignable to Object]
2020-01-06 22:53:23.890 [ main ] - [ DEBUG ] [ org.apache.ibatis.io.ResolverUtil : 256 ] - Checking to see if class com.ynet.fullview.model.SysRole matches criteria [is assignable to Object]
2020-01-06 22:53:23.890 [ main ] - [ DEBUG ] [ org.apache.ibatis.io.ResolverUtil : 256 ] - Checking to see if class com.ynet.fullview.model.SysUser matches criteria [is assignable to Object]
2020-01-06 22:53:23.890 [ main ] - [ DEBUG ] [ org.apache.ibatis.io.ResolverUtil : 256 ] - Checking to see if class com.ynet.fullview.model.UserRole matches criteria [is assignable to Object]
2020-01-06 22:53:23.890 [ main ] - [ DEBUG ] [ org.mybatis.spring.SqlSessionFactoryBean : 437 ] - Scanned package: 'com.ynet.fullview.model' for aliases
2020-01-06 22:53:24.047 [ main ] - [ DEBUG ] [ org.mybatis.spring.SqlSessionFactoryBean : 529 ] - Parsed mapper file: 'file [F:\besheweb-master\bishe-master\bishe-master\target\classes\mapping\AcceptOrderFlowMapper.xml]'
2020-01-06 22:53:24.047 [ main ] - [ DEBUG ] [ org.mybatis.spring.SqlSessionFactoryBean : 529 ] - Parsed mapper file: 'file [F:\besheweb-master\bishe-master\bishe-master\target\classes\mapping\AnnexMapper.xml]'
2020-01-06 22:53:24.078 [ main ] - [ DEBUG ] [ org.mybatis.spring.SqlSessionFactoryBean : 529 ] - Parsed mapper file: 'file [F:\besheweb-master\bishe-master\bishe-master\target\classes\mapping\ClassifyMapper.xml]'
2020-01-06 22:53:24.078 [ main ] - [ DEBUG ] [ org.mybatis.spring.SqlSessionFactoryBean : 529 ] - Parsed mapper file: 'file [F:\besheweb-master\bishe-master\bishe-master\target\classes\mapping\CustomerMapper.xml]'
2020-01-06 22:53:24.094 [ main ] - [ DEBUG ] [ org.mybatis.spring.SqlSessionFactoryBean : 529 ] - Parsed mapper file: 'file [F:\besheweb-master\bishe-master\bishe-master\target\classes\mapping\InOrderMapper.xml]'
2020-01-06 22:53:24.110 [ main ] - [ DEBUG ] [ org.mybatis.spring.SqlSessionFactoryBean : 529 ] - Parsed mapper file: 'file [F:\besheweb-master\bishe-master\bishe-master\target\classes\mapping\ManageOrderMapper.xml]'
2020-01-06 22:53:24.110 [ main ] - [ DEBUG ] [ org.mybatis.spring.SqlSessionFactoryBean : 529 ] - Parsed mapper file: 'file [F:\besheweb-master\bishe-master\bishe-master\target\classes\mapping\OutOrderMapper.xml]'
2020-01-06 22:53:24.125 [ main ] - [ DEBUG ] [ org.mybatis.spring.SqlSessionFactoryBean : 529 ] - Parsed mapper file: 'file [F:\besheweb-master\bishe-master\bishe-master\target\classes\mapping\ResourceMapper.xml]'
2020-01-06 22:53:24.141 [ main ] - [ DEBUG ] [ org.mybatis.spring.SqlSessionFactoryBean : 529 ] - Parsed mapper file: 'file [F:\besheweb-master\bishe-master\bishe-master\target\classes\mapping\RoleRourceMapper.xml]'
2020-01-06 22:53:24.156 [ main ] - [ DEBUG ] [ org.mybatis.spring.SqlSessionFactoryBean : 529 ] - Parsed mapper file: 'file [F:\besheweb-master\bishe-master\bishe-master\target\classes\mapping\SysRoleMapper.xml]'
2020-01-06 22:53:24.172 [ main ] - [ DEBUG ] [ org.mybatis.spring.SqlSessionFactoryBean : 529 ] - Parsed mapper file: 'file [F:\besheweb-master\bishe-master\bishe-master\target\classes\mapping\SysUserMapper.xml]'
2020-01-06 22:53:24.172 [ main ] - [ DEBUG ] [ org.mybatis.spring.SqlSessionFactoryBean : 529 ] - Parsed mapper file: 'file [F:\besheweb-master\bishe-master\bishe-master\target\classes\mapping\UserRoleMapper.xml]'
2020-01-06 22:53:24.344 [ main ] - [ DEBUG ] [ com.github.tobato.fastdfs.conn.ConnectionManager : 46 ] - init trackerLocator [39.98.163.208:22122]
2020-01-06 22:53:24.658 [ main ] - [ DEBUG ] [ o.h.v.i.engine.resolver.TraversableResolvers : 60 ] - Cannot find javax.persistence.Persistence on classpath. Assuming non JPA 2 environment. All properties will per default be traversable.
2020-01-06 22:53:24.658 [ main ] - [ DEBUG ] [ o.h.v.m.ResourceBundleMessageInterpolator : 89 ] - Loaded expression factory via original TCCL
2020-01-06 22:53:24.673 [ main ] - [ DEBUG ] [ o.h.v.i.engine.resolver.TraversableResolvers : 60 ] - Cannot find javax.persistence.Persistence on classpath. Assuming non JPA 2 environment. All properties will per default be traversable.
2020-01-06 22:53:24.673 [ main ] - [ DEBUG ] [ o.h.validator.internal.engine.ConfigurationImpl : 148 ] - Setting custom MessageInterpolator of type org.springframework.validation.beanvalidation.LocaleContextMessageInterpolator
2020-01-06 22:53:24.673 [ main ] - [ DEBUG ] [ o.h.validator.internal.engine.ConfigurationImpl : 180 ] - Setting custom ConstraintValidatorFactory of type org.springframework.validation.beanvalidation.SpringConstraintValidatorFactory
2020-01-06 22:53:24.673 [ main ] - [ DEBUG ] [ o.h.validator.internal.engine.ConfigurationImpl : 194 ] - Setting custom ParameterNameProvider of type org.springframework.validation.beanvalidation.LocalValidatorFactoryBean$1
2020-01-06 22:53:24.673 [ main ] - [ DEBUG ] [ o.h.v.internal.xml.config.ValidationXmlParser : 120 ] - Trying to load META-INF/validation.xml for XML based Validator configuration.
2020-01-06 22:53:24.673 [ main ] - [ DEBUG ] [ o.h.v.internal.xml.config.ResourceLoaderHelper : 53 ] - Trying to load META-INF/validation.xml via user class loader
2020-01-06 22:53:24.673 [ main ] - [ DEBUG ] [ o.h.v.internal.xml.config.ResourceLoaderHelper : 60 ] - Trying to load META-INF/validation.xml via TCCL
2020-01-06 22:53:24.673 [ main ] - [ DEBUG ] [ o.h.v.internal.xml.config.ResourceLoaderHelper : 66 ] - Trying to load META-INF/validation.xml via Hibernate Validator's class loader
2020-01-06 22:53:24.673 [ main ] - [ DEBUG ] [ o.h.v.internal.xml.config.ValidationXmlParser : 127 ] - No META-INF/validation.xml found. Using annotation based configuration only.
2020-01-06 22:53:24.689 [ main ] - [ DEBUG ] [ o.h.validator.internal.engine.ValidatorFactoryImpl : 578 ] - HV000234: Using org.springframework.validation.beanvalidation.LocaleContextMessageInterpolator as ValidatorFactory-scoped message interpolator.
2020-01-06 22:53:24.689 [ main ] - [ DEBUG ] [ o.h.validator.internal.engine.ValidatorFactoryImpl : 579 ] - HV000234: Using org.hibernate.validator.internal.engine.resolver.TraverseAllTraversableResolver as ValidatorFactory-scoped traversable resolver.
2020-01-06 22:53:24.689 [ main ] - [ DEBUG ] [ o.h.validator.internal.engine.ValidatorFactoryImpl : 580 ] - HV000234: Using org.hibernate.validator.internal.util.ExecutableParameterNameProvider as ValidatorFactory-scoped parameter name provider.
2020-01-06 22:53:24.689 [ main ] - [ DEBUG ] [ o.h.validator.internal.engine.ValidatorFactoryImpl : 581 ] - HV000234: Using org.hibernate.validator.internal.engine.DefaultClockProvider as ValidatorFactory-scoped clock provider.
2020-01-06 22:53:24.689 [ main ] - [ DEBUG ] [ o.h.validator.internal.engine.ValidatorFactoryImpl : 582 ] - HV000234: Using org.hibernate.validator.internal.engine.scripting.DefaultScriptEvaluatorFactory as ValidatorFactory-scoped script evaluator factory.
2020-01-06 22:53:25.707 [ main ] - [ INFO  ] [ com.ynet.fullview.FullviewApplicationTests : 59 ] - Started FullviewApplicationTests in 4.074 seconds (JVM running for 5.175)
2020-01-06 22:53:25.994 [ main ] - [ INFO  ] [ com.ynet.fullview.FullviewApplicationTests : 32 ] - 结果：null
