2019-12-23 22:50:42.474 [ main ] - [ INFO  ] [ com.ynet.fullview.FullviewApplicationTests : 50 ] - Starting FullviewApplicationTests on PC-201804011443 with PID 6548 (started by Administrator in F:\besheweb-master\bishe-master\bishe-master)
2019-12-23 22:50:42.490 [ main ] - [ DEBUG ] [ com.ynet.fullview.FullviewApplicationTests : 53 ] - Running with Spring Boot v2.1.7.RELEASE, Spring v5.1.9.RELEASE
2019-12-23 22:50:42.490 [ main ] - [ INFO  ] [ com.ynet.fullview.FullviewApplicationTests : 647 ] - No active profile set, falling back to default profiles: default
2019-12-23 22:50:44.396 [ main ] - [ DEBUG ] [ org.mybatis.spring.mapper.ClassPathMapperScanner : 437 ] - Identified candidate component class: file [F:\besheweb-master\bishe-master\bishe-master\target\classes\com\ynet\fullview\dao\AcceptOrderFlowMapper.class]
2019-12-23 22:50:44.396 [ main ] - [ DEBUG ] [ org.mybatis.spring.mapper.ClassPathMapperScanner : 437 ] - Identified candidate component class: file [F:\besheweb-master\bishe-master\bishe-master\target\classes\com\ynet\fullview\dao\AnnexMapper.class]
2019-12-23 22:50:44.396 [ main ] - [ DEBUG ] [ org.mybatis.spring.mapper.ClassPathMapperScanner : 437 ] - Identified candidate component class: file [F:\besheweb-master\bishe-master\bishe-master\target\classes\com\ynet\fullview\dao\ClassifyMapper.class]
2019-12-23 22:50:44.396 [ main ] - [ DEBUG ] [ org.mybatis.spring.mapper.ClassPathMapperScanner : 437 ] - Identified candidate component class: file [F:\besheweb-master\bishe-master\bishe-master\target\classes\com\ynet\fullview\dao\CustomerMapper.class]
2019-12-23 22:50:44.396 [ main ] - [ DEBUG ] [ org.mybatis.spring.mapper.ClassPathMapperScanner : 437 ] - Identified candidate component class: file [F:\besheweb-master\bishe-master\bishe-master\target\classes\com\ynet\fullview\dao\InOrderMapper.class]
2019-12-23 22:50:44.396 [ main ] - [ DEBUG ] [ org.mybatis.spring.mapper.ClassPathMapperScanner : 437 ] - Identified candidate component class: file [F:\besheweb-master\bishe-master\bishe-master\target\classes\com\ynet\fullview\dao\ManageOrderMapper.class]
2019-12-23 22:50:44.396 [ main ] - [ DEBUG ] [ org.mybatis.spring.mapper.ClassPathMapperScanner : 437 ] - Identified candidate component class: file [F:\besheweb-master\bishe-master\bishe-master\target\classes\com\ynet\fullview\dao\OutOrderMapper.class]
2019-12-23 22:50:44.396 [ main ] - [ DEBUG ] [ org.mybatis.spring.mapper.ClassPathMapperScanner : 437 ] - Identified candidate component class: file [F:\besheweb-master\bishe-master\bishe-master\target\classes\com\ynet\fullview\dao\ResourceMapper.class]
2019-12-23 22:50:44.396 [ main ] - [ DEBUG ] [ org.mybatis.spring.mapper.ClassPathMapperScanner : 437 ] - Identified candidate component class: file [F:\besheweb-master\bishe-master\bishe-master\target\classes\com\ynet\fullview\dao\RoleRourceMapper.class]
2019-12-23 22:50:44.411 [ main ] - [ DEBUG ] [ org.mybatis.spring.mapper.ClassPathMapperScanner : 437 ] - Identified candidate component class: file [F:\besheweb-master\bishe-master\bishe-master\target\classes\com\ynet\fullview\dao\SysRoleMapper.class]
2019-12-23 22:50:44.411 [ main ] - [ DEBUG ] [ org.mybatis.spring.mapper.ClassPathMapperScanner : 437 ] - Identified candidate component class: file [F:\besheweb-master\bishe-master\bishe-master\target\classes\com\ynet\fullview\dao\SysUserMapper.class]
2019-12-23 22:50:44.411 [ main ] - [ DEBUG ] [ org.mybatis.spring.mapper.ClassPathMapperScanner : 437 ] - Identified candidate component class: file [F:\besheweb-master\bishe-master\bishe-master\target\classes\com\ynet\fullview\dao\UserRoleMapper.class]
2019-12-23 22:50:44.411 [ main ] - [ DEBUG ] [ org.mybatis.spring.mapper.ClassPathMapperScanner : 180 ] - Creating MapperFactoryBean with name 'acceptOrderFlowMapper' and 'com.ynet.fullview.dao.AcceptOrderFlowMapper' mapperInterface
2019-12-23 22:50:44.411 [ main ] - [ DEBUG ] [ org.mybatis.spring.mapper.ClassPathMapperScanner : 216 ] - Enabling autowire by type for MapperFactoryBean with name 'acceptOrderFlowMapper'.
2019-12-23 22:50:44.411 [ main ] - [ DEBUG ] [ org.mybatis.spring.mapper.ClassPathMapperScanner : 180 ] - Creating MapperFactoryBean with name 'annexMapper' and 'com.ynet.fullview.dao.AnnexMapper' mapperInterface
2019-12-23 22:50:44.411 [ main ] - [ DEBUG ] [ org.mybatis.spring.mapper.ClassPathMapperScanner : 216 ] - Enabling autowire by type for MapperFactoryBean with name 'annexMapper'.
2019-12-23 22:50:44.411 [ main ] - [ DEBUG ] [ org.mybatis.spring.mapper.ClassPathMapperScanner : 180 ] - Creating MapperFactoryBean with name 'classifyMapper' and 'com.ynet.fullview.dao.ClassifyMapper' mapperInterface
2019-12-23 22:50:44.411 [ main ] - [ DEBUG ] [ org.mybatis.spring.mapper.ClassPathMapperScanner : 216 ] - Enabling autowire by type for MapperFactoryBean with name 'classifyMapper'.
2019-12-23 22:50:44.411 [ main ] - [ DEBUG ] [ org.mybatis.spring.mapper.ClassPathMapperScanner : 180 ] - Creating MapperFactoryBean with name 'customerMapper' and 'com.ynet.fullview.dao.CustomerMapper' mapperInterface
2019-12-23 22:50:44.411 [ main ] - [ DEBUG ] [ org.mybatis.spring.mapper.ClassPathMapperScanner : 216 ] - Enabling autowire by type for MapperFactoryBean with name 'customerMapper'.
2019-12-23 22:50:44.411 [ main ] - [ DEBUG ] [ org.mybatis.spring.mapper.ClassPathMapperScanner : 180 ] - Creating MapperFactoryBean with name 'inOrderMapper' and 'com.ynet.fullview.dao.InOrderMapper' mapperInterface
2019-12-23 22:50:44.411 [ main ] - [ DEBUG ] [ org.mybatis.spring.mapper.ClassPathMapperScanner : 216 ] - Enabling autowire by type for MapperFactoryBean with name 'inOrderMapper'.
2019-12-23 22:50:44.411 [ main ] - [ DEBUG ] [ org.mybatis.spring.mapper.ClassPathMapperScanner : 180 ] - Creating MapperFactoryBean with name 'manageOrderMapper' and 'com.ynet.fullview.dao.ManageOrderMapper' mapperInterface
2019-12-23 22:50:44.411 [ main ] - [ DEBUG ] [ org.mybatis.spring.mapper.ClassPathMapperScanner : 216 ] - Enabling autowire by type for MapperFactoryBean with name 'manageOrderMapper'.
2019-12-23 22:50:44.411 [ main ] - [ DEBUG ] [ org.mybatis.spring.mapper.ClassPathMapperScanner : 180 ] - Creating MapperFactoryBean with name 'outOrderMapper' and 'com.ynet.fullview.dao.OutOrderMapper' mapperInterface
2019-12-23 22:50:44.411 [ main ] - [ DEBUG ] [ org.mybatis.spring.mapper.ClassPathMapperScanner : 216 ] - Enabling autowire by type for MapperFactoryBean with name 'outOrderMapper'.
2019-12-23 22:50:44.411 [ main ] - [ DEBUG ] [ org.mybatis.spring.mapper.ClassPathMapperScanner : 180 ] - Creating MapperFactoryBean with name 'resourceMapper' and 'com.ynet.fullview.dao.ResourceMapper' mapperInterface
2019-12-23 22:50:44.411 [ main ] - [ DEBUG ] [ org.mybatis.spring.mapper.ClassPathMapperScanner : 216 ] - Enabling autowire by type for MapperFactoryBean with name 'resourceMapper'.
2019-12-23 22:50:44.411 [ main ] - [ DEBUG ] [ org.mybatis.spring.mapper.ClassPathMapperScanner : 180 ] - Creating MapperFactoryBean with name 'roleRourceMapper' and 'com.ynet.fullview.dao.RoleRourceMapper' mapperInterface
2019-12-23 22:50:44.411 [ main ] - [ DEBUG ] [ org.mybatis.spring.mapper.ClassPathMapperScanner : 216 ] - Enabling autowire by type for MapperFactoryBean with name 'roleRourceMapper'.
2019-12-23 22:50:44.411 [ main ] - [ DEBUG ] [ org.mybatis.spring.mapper.ClassPathMapperScanner : 180 ] - Creating MapperFactoryBean with name 'sysRoleMapper' and 'com.ynet.fullview.dao.SysRoleMapper' mapperInterface
2019-12-23 22:50:44.411 [ main ] - [ DEBUG ] [ org.mybatis.spring.mapper.ClassPathMapperScanner : 216 ] - Enabling autowire by type for MapperFactoryBean with name 'sysRoleMapper'.
2019-12-23 22:50:44.411 [ main ] - [ DEBUG ] [ org.mybatis.spring.mapper.ClassPathMapperScanner : 180 ] - Creating MapperFactoryBean with name 'sysUserMapper' and 'com.ynet.fullview.dao.SysUserMapper' mapperInterface
2019-12-23 22:50:44.411 [ main ] - [ DEBUG ] [ org.mybatis.spring.mapper.ClassPathMapperScanner : 216 ] - Enabling autowire by type for MapperFactoryBean with name 'sysUserMapper'.
2019-12-23 22:50:44.411 [ main ] - [ DEBUG ] [ org.mybatis.spring.mapper.ClassPathMapperScanner : 180 ] - Creating MapperFactoryBean with name 'userRoleMapper' and 'com.ynet.fullview.dao.UserRoleMapper' mapperInterface
2019-12-23 22:50:44.411 [ main ] - [ DEBUG ] [ org.mybatis.spring.mapper.ClassPathMapperScanner : 216 ] - Enabling autowire by type for MapperFactoryBean with name 'userRoleMapper'.
2019-12-23 22:50:45.302 [ main ] - [ DEBUG ] [ org.apache.ibatis.logging.LogFactory : 135 ] - Logging initialized using 'class org.apache.ibatis.logging.slf4j.Slf4jImpl' adapter.
2019-12-23 22:50:45.395 [ main ] - [ DEBUG ] [ org.apache.ibatis.io.VFS : 77 ] - Using VFS adapter org.mybatis.spring.boot.autoconfigure.SpringBootVFS
2019-12-23 22:50:45.395 [ main ] - [ DEBUG ] [ org.apache.ibatis.io.ResolverUtil : 256 ] - Checking to see if class com.ynet.fullview.model.AcceptOrderFlow matches criteria [is assignable to Object]
2019-12-23 22:50:45.395 [ main ] - [ DEBUG ] [ org.apache.ibatis.io.ResolverUtil : 256 ] - Checking to see if class com.ynet.fullview.model.Annex matches criteria [is assignable to Object]
2019-12-23 22:50:45.395 [ main ] - [ DEBUG ] [ org.apache.ibatis.io.ResolverUtil : 256 ] - Checking to see if class com.ynet.fullview.model.Classify matches criteria [is assignable to Object]
2019-12-23 22:50:45.395 [ main ] - [ DEBUG ] [ org.apache.ibatis.io.ResolverUtil : 256 ] - Checking to see if class com.ynet.fullview.model.InOrder matches criteria [is assignable to Object]
2019-12-23 22:50:45.395 [ main ] - [ DEBUG ] [ org.apache.ibatis.io.ResolverUtil : 256 ] - Checking to see if class com.ynet.fullview.model.OrderInfo matches criteria [is assignable to Object]
2019-12-23 22:50:45.395 [ main ] - [ DEBUG ] [ org.apache.ibatis.io.ResolverUtil : 256 ] - Checking to see if class com.ynet.fullview.model.OutOrder matches criteria [is assignable to Object]
2019-12-23 22:50:45.395 [ main ] - [ DEBUG ] [ org.apache.ibatis.io.ResolverUtil : 256 ] - Checking to see if class com.ynet.fullview.model.Resource matches criteria [is assignable to Object]
2019-12-23 22:50:45.395 [ main ] - [ DEBUG ] [ org.apache.ibatis.io.ResolverUtil : 256 ] - Checking to see if class com.ynet.fullview.model.RoleRource matches criteria [is assignable to Object]
2019-12-23 22:50:45.395 [ main ] - [ DEBUG ] [ org.apache.ibatis.io.ResolverUtil : 256 ] - Checking to see if class com.ynet.fullview.model.SysRole matches criteria [is assignable to Object]
2019-12-23 22:50:45.395 [ main ] - [ DEBUG ] [ org.apache.ibatis.io.ResolverUtil : 256 ] - Checking to see if class com.ynet.fullview.model.SysUser matches criteria [is assignable to Object]
2019-12-23 22:50:45.411 [ main ] - [ DEBUG ] [ org.apache.ibatis.io.ResolverUtil : 256 ] - Checking to see if class com.ynet.fullview.model.UserRole matches criteria [is assignable to Object]
2019-12-23 22:50:45.411 [ main ] - [ DEBUG ] [ org.mybatis.spring.SqlSessionFactoryBean : 437 ] - Scanned package: 'com.ynet.fullview.model' for aliases
2019-12-23 22:50:45.678 [ main ] - [ DEBUG ] [ org.mybatis.spring.SqlSessionFactoryBean : 529 ] - Parsed mapper file: 'file [F:\besheweb-master\bishe-master\bishe-master\target\classes\mapping\AcceptOrderFlowMapper.xml]'
2019-12-23 22:50:45.694 [ main ] - [ DEBUG ] [ org.mybatis.spring.SqlSessionFactoryBean : 529 ] - Parsed mapper file: 'file [F:\besheweb-master\bishe-master\bishe-master\target\classes\mapping\AnnexMapper.xml]'
2019-12-23 22:50:45.709 [ main ] - [ DEBUG ] [ org.mybatis.spring.SqlSessionFactoryBean : 529 ] - Parsed mapper file: 'file [F:\besheweb-master\bishe-master\bishe-master\target\classes\mapping\ClassifyMapper.xml]'
2019-12-23 22:50:45.709 [ main ] - [ DEBUG ] [ org.mybatis.spring.SqlSessionFactoryBean : 529 ] - Parsed mapper file: 'file [F:\besheweb-master\bishe-master\bishe-master\target\classes\mapping\CustomerMapper.xml]'
2019-12-23 22:50:45.725 [ main ] - [ DEBUG ] [ org.mybatis.spring.SqlSessionFactoryBean : 529 ] - Parsed mapper file: 'file [F:\besheweb-master\bishe-master\bishe-master\target\classes\mapping\InOrderMapper.xml]'
2019-12-23 22:50:45.725 [ main ] - [ DEBUG ] [ org.mybatis.spring.SqlSessionFactoryBean : 529 ] - Parsed mapper file: 'file [F:\besheweb-master\bishe-master\bishe-master\target\classes\mapping\ManageOrderMapper.xml]'
2019-12-23 22:50:45.740 [ main ] - [ DEBUG ] [ org.mybatis.spring.SqlSessionFactoryBean : 529 ] - Parsed mapper file: 'file [F:\besheweb-master\bishe-master\bishe-master\target\classes\mapping\OutOrderMapper.xml]'
2019-12-23 22:50:45.756 [ main ] - [ DEBUG ] [ org.mybatis.spring.SqlSessionFactoryBean : 529 ] - Parsed mapper file: 'file [F:\besheweb-master\bishe-master\bishe-master\target\classes\mapping\ResourceMapper.xml]'
2019-12-23 22:50:45.756 [ main ] - [ DEBUG ] [ org.mybatis.spring.SqlSessionFactoryBean : 529 ] - Parsed mapper file: 'file [F:\besheweb-master\bishe-master\bishe-master\target\classes\mapping\RoleRourceMapper.xml]'
2019-12-23 22:50:45.756 [ main ] - [ DEBUG ] [ org.mybatis.spring.SqlSessionFactoryBean : 529 ] - Parsed mapper file: 'file [F:\besheweb-master\bishe-master\bishe-master\target\classes\mapping\SysRoleMapper.xml]'
2019-12-23 22:50:45.772 [ main ] - [ DEBUG ] [ org.mybatis.spring.SqlSessionFactoryBean : 529 ] - Parsed mapper file: 'file [F:\besheweb-master\bishe-master\bishe-master\target\classes\mapping\SysUserMapper.xml]'
2019-12-23 22:50:45.787 [ main ] - [ DEBUG ] [ org.mybatis.spring.SqlSessionFactoryBean : 529 ] - Parsed mapper file: 'file [F:\besheweb-master\bishe-master\bishe-master\target\classes\mapping\UserRoleMapper.xml]'
2019-12-23 22:50:45.990 [ main ] - [ DEBUG ] [ com.github.tobato.fastdfs.conn.ConnectionManager : 46 ] - init trackerLocator [39.98.163.208:22122]
2019-12-23 22:50:46.490 [ main ] - [ DEBUG ] [ o.h.v.i.engine.resolver.TraversableResolvers : 60 ] - Cannot find javax.persistence.Persistence on classpath. Assuming non JPA 2 environment. All properties will per default be traversable.
2019-12-23 22:50:46.490 [ main ] - [ DEBUG ] [ o.h.v.m.ResourceBundleMessageInterpolator : 89 ] - Loaded expression factory via original TCCL
2019-12-23 22:50:46.506 [ main ] - [ DEBUG ] [ o.h.v.i.engine.resolver.TraversableResolvers : 60 ] - Cannot find javax.persistence.Persistence on classpath. Assuming non JPA 2 environment. All properties will per default be traversable.
2019-12-23 22:50:46.506 [ main ] - [ DEBUG ] [ o.h.validator.internal.engine.ConfigurationImpl : 148 ] - Setting custom MessageInterpolator of type org.springframework.validation.beanvalidation.LocaleContextMessageInterpolator
2019-12-23 22:50:46.506 [ main ] - [ DEBUG ] [ o.h.validator.internal.engine.ConfigurationImpl : 180 ] - Setting custom ConstraintValidatorFactory of type org.springframework.validation.beanvalidation.SpringConstraintValidatorFactory
2019-12-23 22:50:46.506 [ main ] - [ DEBUG ] [ o.h.validator.internal.engine.ConfigurationImpl : 194 ] - Setting custom ParameterNameProvider of type org.springframework.validation.beanvalidation.LocalValidatorFactoryBean$1
2019-12-23 22:50:46.506 [ main ] - [ DEBUG ] [ o.h.v.internal.xml.config.ValidationXmlParser : 120 ] - Trying to load META-INF/validation.xml for XML based Validator configuration.
2019-12-23 22:50:46.506 [ main ] - [ DEBUG ] [ o.h.v.internal.xml.config.ResourceLoaderHelper : 53 ] - Trying to load META-INF/validation.xml via user class loader
2019-12-23 22:50:46.506 [ main ] - [ DEBUG ] [ o.h.v.internal.xml.config.ResourceLoaderHelper : 60 ] - Trying to load META-INF/validation.xml via TCCL
2019-12-23 22:50:46.506 [ main ] - [ DEBUG ] [ o.h.v.internal.xml.config.ResourceLoaderHelper : 66 ] - Trying to load META-INF/validation.xml via Hibernate Validator's class loader
2019-12-23 22:50:46.506 [ main ] - [ DEBUG ] [ o.h.v.internal.xml.config.ValidationXmlParser : 127 ] - No META-INF/validation.xml found. Using annotation based configuration only.
2019-12-23 22:50:46.506 [ main ] - [ DEBUG ] [ o.h.validator.internal.engine.ValidatorFactoryImpl : 578 ] - HV000234: Using org.springframework.validation.beanvalidation.LocaleContextMessageInterpolator as ValidatorFactory-scoped message interpolator.
2019-12-23 22:50:46.506 [ main ] - [ DEBUG ] [ o.h.validator.internal.engine.ValidatorFactoryImpl : 579 ] - HV000234: Using org.hibernate.validator.internal.engine.resolver.TraverseAllTraversableResolver as ValidatorFactory-scoped traversable resolver.
2019-12-23 22:50:46.506 [ main ] - [ DEBUG ] [ o.h.validator.internal.engine.ValidatorFactoryImpl : 580 ] - HV000234: Using org.hibernate.validator.internal.util.ExecutableParameterNameProvider as ValidatorFactory-scoped parameter name provider.
2019-12-23 22:50:46.506 [ main ] - [ DEBUG ] [ o.h.validator.internal.engine.ValidatorFactoryImpl : 581 ] - HV000234: Using org.hibernate.validator.internal.engine.DefaultClockProvider as ValidatorFactory-scoped clock provider.
2019-12-23 22:50:46.506 [ main ] - [ DEBUG ] [ o.h.validator.internal.engine.ValidatorFactoryImpl : 582 ] - HV000234: Using org.hibernate.validator.internal.engine.scripting.DefaultScriptEvaluatorFactory as ValidatorFactory-scoped script evaluator factory.
2019-12-23 22:50:47.990 [ main ] - [ INFO  ] [ com.ynet.fullview.FullviewApplicationTests : 59 ] - Started FullviewApplicationTests in 6.0 seconds (JVM running for 6.817)
2019-12-23 22:50:49.083 [ main ] - [ INFO  ] [ com.ynet.fullview.FullviewApplicationTests : 25 ] - 取值-路径路径参数：D:/dir
2019-12-23 22:50:49.099 [ main ] - [ INFO  ] [ com.ynet.fullview.FullviewApplicationTests : 20 ] - 日志打印测试：begin-------------
2019-12-23 22:51:42.662 [ restartedMain ] - [ INFO  ] [ com.ynet.fullview.FullviewApplication : 50 ] - Starting FullviewApplication on PC-201804011443 with PID 8264 (F:\besheweb-master\bishe-master\bishe-master\target\classes started by Administrator in F:\besheweb-master\bishe-master\bishe-master)
2019-12-23 22:51:42.677 [ restartedMain ] - [ DEBUG ] [ com.ynet.fullview.FullviewApplication : 53 ] - Running with Spring Boot v2.1.7.RELEASE, Spring v5.1.9.RELEASE
2019-12-23 22:51:42.677 [ restartedMain ] - [ INFO  ] [ com.ynet.fullview.FullviewApplication : 647 ] - No active profile set, falling back to default profiles: default
2019-12-23 22:51:43.693 [ restartedMain ] - [ DEBUG ] [ org.mybatis.spring.mapper.ClassPathMapperScanner : 437 ] - Identified candidate component class: file [F:\besheweb-master\bishe-master\bishe-master\target\classes\com\ynet\fullview\dao\AcceptOrderFlowMapper.class]
2019-12-23 22:51:43.693 [ restartedMain ] - [ DEBUG ] [ org.mybatis.spring.mapper.ClassPathMapperScanner : 437 ] - Identified candidate component class: file [F:\besheweb-master\bishe-master\bishe-master\target\classes\com\ynet\fullview\dao\AnnexMapper.class]
2019-12-23 22:51:43.693 [ restartedMain ] - [ DEBUG ] [ org.mybatis.spring.mapper.ClassPathMapperScanner : 437 ] - Identified candidate component class: file [F:\besheweb-master\bishe-master\bishe-master\target\classes\com\ynet\fullview\dao\ClassifyMapper.class]
2019-12-23 22:51:43.693 [ restartedMain ] - [ DEBUG ] [ org.mybatis.spring.mapper.ClassPathMapperScanner : 437 ] - Identified candidate component class: file [F:\besheweb-master\bishe-master\bishe-master\target\classes\com\ynet\fullview\dao\CustomerMapper.class]
2019-12-23 22:51:43.693 [ restartedMain ] - [ DEBUG ] [ org.mybatis.spring.mapper.ClassPathMapperScanner : 437 ] - Identified candidate component class: file [F:\besheweb-master\bishe-master\bishe-master\target\classes\com\ynet\fullview\dao\InOrderMapper.class]
2019-12-23 22:51:43.693 [ restartedMain ] - [ DEBUG ] [ org.mybatis.spring.mapper.ClassPathMapperScanner : 437 ] - Identified candidate component class: file [F:\besheweb-master\bishe-master\bishe-master\target\classes\com\ynet\fullview\dao\ManageOrderMapper.class]
2019-12-23 22:51:43.693 [ restartedMain ] - [ DEBUG ] [ org.mybatis.spring.mapper.ClassPathMapperScanner : 437 ] - Identified candidate component class: file [F:\besheweb-master\bishe-master\bishe-master\target\classes\com\ynet\fullview\dao\OutOrderMapper.class]
2019-12-23 22:51:43.693 [ restartedMain ] - [ DEBUG ] [ org.mybatis.spring.mapper.ClassPathMapperScanner : 437 ] - Identified candidate component class: file [F:\besheweb-master\bishe-master\bishe-master\target\classes\com\ynet\fullview\dao\ResourceMapper.class]
2019-12-23 22:51:43.693 [ restartedMain ] - [ DEBUG ] [ org.mybatis.spring.mapper.ClassPathMapperScanner : 437 ] - Identified candidate component class: file [F:\besheweb-master\bishe-master\bishe-master\target\classes\com\ynet\fullview\dao\RoleRourceMapper.class]
2019-12-23 22:51:43.693 [ restartedMain ] - [ DEBUG ] [ org.mybatis.spring.mapper.ClassPathMapperScanner : 437 ] - Identified candidate component class: file [F:\besheweb-master\bishe-master\bishe-master\target\classes\com\ynet\fullview\dao\SysRoleMapper.class]
2019-12-23 22:51:43.693 [ restartedMain ] - [ DEBUG ] [ org.mybatis.spring.mapper.ClassPathMapperScanner : 437 ] - Identified candidate component class: file [F:\besheweb-master\bishe-master\bishe-master\target\classes\com\ynet\fullview\dao\SysUserMapper.class]
2019-12-23 22:51:43.693 [ restartedMain ] - [ DEBUG ] [ org.mybatis.spring.mapper.ClassPathMapperScanner : 437 ] - Identified candidate component class: file [F:\besheweb-master\bishe-master\bishe-master\target\classes\com\ynet\fullview\dao\UserRoleMapper.class]
2019-12-23 22:51:43.693 [ restartedMain ] - [ DEBUG ] [ org.mybatis.spring.mapper.ClassPathMapperScanner : 180 ] - Creating MapperFactoryBean with name 'acceptOrderFlowMapper' and 'com.ynet.fullview.dao.AcceptOrderFlowMapper' mapperInterface
2019-12-23 22:51:43.693 [ restartedMain ] - [ DEBUG ] [ org.mybatis.spring.mapper.ClassPathMapperScanner : 216 ] - Enabling autowire by type for MapperFactoryBean with name 'acceptOrderFlowMapper'.
2019-12-23 22:51:43.693 [ restartedMain ] - [ DEBUG ] [ org.mybatis.spring.mapper.ClassPathMapperScanner : 180 ] - Creating MapperFactoryBean with name 'annexMapper' and 'com.ynet.fullview.dao.AnnexMapper' mapperInterface
2019-12-23 22:51:43.693 [ restartedMain ] - [ DEBUG ] [ org.mybatis.spring.mapper.ClassPathMapperScanner : 216 ] - Enabling autowire by type for MapperFactoryBean with name 'annexMapper'.
2019-12-23 22:51:43.693 [ restartedMain ] - [ DEBUG ] [ org.mybatis.spring.mapper.ClassPathMapperScanner : 180 ] - Creating MapperFactoryBean with name 'classifyMapper' and 'com.ynet.fullview.dao.ClassifyMapper' mapperInterface
2019-12-23 22:51:43.708 [ restartedMain ] - [ DEBUG ] [ org.mybatis.spring.mapper.ClassPathMapperScanner : 216 ] - Enabling autowire by type for MapperFactoryBean with name 'classifyMapper'.
2019-12-23 22:51:43.708 [ restartedMain ] - [ DEBUG ] [ org.mybatis.spring.mapper.ClassPathMapperScanner : 180 ] - Creating MapperFactoryBean with name 'customerMapper' and 'com.ynet.fullview.dao.CustomerMapper' mapperInterface
2019-12-23 22:51:43.708 [ restartedMain ] - [ DEBUG ] [ org.mybatis.spring.mapper.ClassPathMapperScanner : 216 ] - Enabling autowire by type for MapperFactoryBean with name 'customerMapper'.
2019-12-23 22:51:43.708 [ restartedMain ] - [ DEBUG ] [ org.mybatis.spring.mapper.ClassPathMapperScanner : 180 ] - Creating MapperFactoryBean with name 'inOrderMapper' and 'com.ynet.fullview.dao.InOrderMapper' mapperInterface
2019-12-23 22:51:43.708 [ restartedMain ] - [ DEBUG ] [ org.mybatis.spring.mapper.ClassPathMapperScanner : 216 ] - Enabling autowire by type for MapperFactoryBean with name 'inOrderMapper'.
2019-12-23 22:51:43.708 [ restartedMain ] - [ DEBUG ] [ org.mybatis.spring.mapper.ClassPathMapperScanner : 180 ] - Creating MapperFactoryBean with name 'manageOrderMapper' and 'com.ynet.fullview.dao.ManageOrderMapper' mapperInterface
2019-12-23 22:51:43.708 [ restartedMain ] - [ DEBUG ] [ org.mybatis.spring.mapper.ClassPathMapperScanner : 216 ] - Enabling autowire by type for MapperFactoryBean with name 'manageOrderMapper'.
2019-12-23 22:51:43.708 [ restartedMain ] - [ DEBUG ] [ org.mybatis.spring.mapper.ClassPathMapperScanner : 180 ] - Creating MapperFactoryBean with name 'outOrderMapper' and 'com.ynet.fullview.dao.OutOrderMapper' mapperInterface
2019-12-23 22:51:43.708 [ restartedMain ] - [ DEBUG ] [ org.mybatis.spring.mapper.ClassPathMapperScanner : 216 ] - Enabling autowire by type for MapperFactoryBean with name 'outOrderMapper'.
2019-12-23 22:51:43.708 [ restartedMain ] - [ DEBUG ] [ org.mybatis.spring.mapper.ClassPathMapperScanner : 180 ] - Creating MapperFactoryBean with name 'resourceMapper' and 'com.ynet.fullview.dao.ResourceMapper' mapperInterface
2019-12-23 22:51:43.708 [ restartedMain ] - [ DEBUG ] [ org.mybatis.spring.mapper.ClassPathMapperScanner : 216 ] - Enabling autowire by type for MapperFactoryBean with name 'resourceMapper'.
2019-12-23 22:51:43.708 [ restartedMain ] - [ DEBUG ] [ org.mybatis.spring.mapper.ClassPathMapperScanner : 180 ] - Creating MapperFactoryBean with name 'roleRourceMapper' and 'com.ynet.fullview.dao.RoleRourceMapper' mapperInterface
2019-12-23 22:51:43.708 [ restartedMain ] - [ DEBUG ] [ org.mybatis.spring.mapper.ClassPathMapperScanner : 216 ] - Enabling autowire by type for MapperFactoryBean with name 'roleRourceMapper'.
2019-12-23 22:51:43.708 [ restartedMain ] - [ DEBUG ] [ org.mybatis.spring.mapper.ClassPathMapperScanner : 180 ] - Creating MapperFactoryBean with name 'sysRoleMapper' and 'com.ynet.fullview.dao.SysRoleMapper' mapperInterface
2019-12-23 22:51:43.708 [ restartedMain ] - [ DEBUG ] [ org.mybatis.spring.mapper.ClassPathMapperScanner : 216 ] - Enabling autowire by type for MapperFactoryBean with name 'sysRoleMapper'.
2019-12-23 22:51:43.708 [ restartedMain ] - [ DEBUG ] [ org.mybatis.spring.mapper.ClassPathMapperScanner : 180 ] - Creating MapperFactoryBean with name 'sysUserMapper' and 'com.ynet.fullview.dao.SysUserMapper' mapperInterface
2019-12-23 22:51:43.708 [ restartedMain ] - [ DEBUG ] [ org.mybatis.spring.mapper.ClassPathMapperScanner : 216 ] - Enabling autowire by type for MapperFactoryBean with name 'sysUserMapper'.
2019-12-23 22:51:43.708 [ restartedMain ] - [ DEBUG ] [ org.mybatis.spring.mapper.ClassPathMapperScanner : 180 ] - Creating MapperFactoryBean with name 'userRoleMapper' and 'com.ynet.fullview.dao.UserRoleMapper' mapperInterface
2019-12-23 22:51:43.708 [ restartedMain ] - [ DEBUG ] [ org.mybatis.spring.mapper.ClassPathMapperScanner : 216 ] - Enabling autowire by type for MapperFactoryBean with name 'userRoleMapper'.
2019-12-23 22:51:45.036 [ restartedMain ] - [ INFO  ] [ org.apache.coyote.http11.Http11NioProtocol : 173 ] - Initializing ProtocolHandler ["http-nio-8080"]
2019-12-23 22:51:45.036 [ restartedMain ] - [ INFO  ] [ org.apache.catalina.core.StandardService : 173 ] - Starting service [Tomcat]
2019-12-23 22:51:45.036 [ restartedMain ] - [ INFO  ] [ org.apache.catalina.core.StandardEngine : 173 ] - Starting Servlet engine: [Apache Tomcat/9.0.22]
2019-12-23 22:51:45.052 [ restartedMain ] - [ INFO  ] [ org.apache.catalina.core.AprLifecycleListener : 173 ] - An older version [1.2.14] of the APR based Apache Tomcat Native library is installed, while Tomcat recommends a minimum version of [1.2.23]
2019-12-23 22:51:45.052 [ restartedMain ] - [ INFO  ] [ org.apache.catalina.core.AprLifecycleListener : 173 ] - Loaded APR based Apache Tomcat Native library [1.2.14] using APR version [1.6.2].
2019-12-23 22:51:45.052 [ restartedMain ] - [ INFO  ] [ org.apache.catalina.core.AprLifecycleListener : 173 ] - APR capabilities: IPv6 [true], sendfile [true], accept filters [false], random [true].
2019-12-23 22:51:45.052 [ restartedMain ] - [ INFO  ] [ org.apache.catalina.core.AprLifecycleListener : 173 ] - APR/OpenSSL configuration: useAprConnector [false], useOpenSSL [true]
2019-12-23 22:51:46.114 [ restartedMain ] - [ INFO  ] [ org.apache.catalina.core.AprLifecycleListener : 173 ] - OpenSSL successfully initialized [OpenSSL 1.0.2l  25 May 2017]
2019-12-23 22:51:46.270 [ restartedMain ] - [ INFO  ] [ o.a.c.core.ContainerBase.[Tomcat].[localhost].[/] : 173 ] - Initializing Spring embedded WebApplicationContext
2019-12-23 22:51:46.458 [ restartedMain ] - [ DEBUG ] [ org.apache.ibatis.logging.LogFactory : 135 ] - Logging initialized using 'class org.apache.ibatis.logging.slf4j.Slf4jImpl' adapter.
2019-12-23 22:51:46.489 [ restartedMain ] - [ DEBUG ] [ org.apache.ibatis.io.VFS : 77 ] - Using VFS adapter org.mybatis.spring.boot.autoconfigure.SpringBootVFS
2019-12-23 22:51:46.489 [ restartedMain ] - [ DEBUG ] [ org.apache.ibatis.io.ResolverUtil : 256 ] - Checking to see if class com.ynet.fullview.model.AcceptOrderFlow matches criteria [is assignable to Object]
2019-12-23 22:51:46.489 [ restartedMain ] - [ DEBUG ] [ org.apache.ibatis.io.ResolverUtil : 256 ] - Checking to see if class com.ynet.fullview.model.Annex matches criteria [is assignable to Object]
2019-12-23 22:51:46.505 [ restartedMain ] - [ DEBUG ] [ org.apache.ibatis.io.ResolverUtil : 256 ] - Checking to see if class com.ynet.fullview.model.Classify matches criteria [is assignable to Object]
2019-12-23 22:51:46.505 [ restartedMain ] - [ DEBUG ] [ org.apache.ibatis.io.ResolverUtil : 256 ] - Checking to see if class com.ynet.fullview.model.InOrder matches criteria [is assignable to Object]
2019-12-23 22:51:46.505 [ restartedMain ] - [ DEBUG ] [ org.apache.ibatis.io.ResolverUtil : 256 ] - Checking to see if class com.ynet.fullview.model.OrderInfo matches criteria [is assignable to Object]
2019-12-23 22:51:46.505 [ restartedMain ] - [ DEBUG ] [ org.apache.ibatis.io.ResolverUtil : 256 ] - Checking to see if class com.ynet.fullview.model.OutOrder matches criteria [is assignable to Object]
2019-12-23 22:51:46.505 [ restartedMain ] - [ DEBUG ] [ org.apache.ibatis.io.ResolverUtil : 256 ] - Checking to see if class com.ynet.fullview.model.Resource matches criteria [is assignable to Object]
2019-12-23 22:51:46.505 [ restartedMain ] - [ DEBUG ] [ org.apache.ibatis.io.ResolverUtil : 256 ] - Checking to see if class com.ynet.fullview.model.RoleRource matches criteria [is assignable to Object]
2019-12-23 22:51:46.505 [ restartedMain ] - [ DEBUG ] [ org.apache.ibatis.io.ResolverUtil : 256 ] - Checking to see if class com.ynet.fullview.model.SysRole matches criteria [is assignable to Object]
2019-12-23 22:51:46.505 [ restartedMain ] - [ DEBUG ] [ org.apache.ibatis.io.ResolverUtil : 256 ] - Checking to see if class com.ynet.fullview.model.SysUser matches criteria [is assignable to Object]
2019-12-23 22:51:46.505 [ restartedMain ] - [ DEBUG ] [ org.apache.ibatis.io.ResolverUtil : 256 ] - Checking to see if class com.ynet.fullview.model.UserRole matches criteria [is assignable to Object]
2019-12-23 22:51:46.505 [ restartedMain ] - [ DEBUG ] [ org.mybatis.spring.SqlSessionFactoryBean : 437 ] - Scanned package: 'com.ynet.fullview.model' for aliases
2019-12-23 22:51:46.583 [ restartedMain ] - [ DEBUG ] [ org.mybatis.spring.SqlSessionFactoryBean : 529 ] - Parsed mapper file: 'file [F:\besheweb-master\bishe-master\bishe-master\target\classes\mapping\AcceptOrderFlowMapper.xml]'
2019-12-23 22:51:46.583 [ restartedMain ] - [ DEBUG ] [ org.mybatis.spring.SqlSessionFactoryBean : 529 ] - Parsed mapper file: 'file [F:\besheweb-master\bishe-master\bishe-master\target\classes\mapping\AnnexMapper.xml]'
2019-12-23 22:51:46.598 [ restartedMain ] - [ DEBUG ] [ org.mybatis.spring.SqlSessionFactoryBean : 529 ] - Parsed mapper file: 'file [F:\besheweb-master\bishe-master\bishe-master\target\classes\mapping\ClassifyMapper.xml]'
2019-12-23 22:51:46.614 [ restartedMain ] - [ DEBUG ] [ org.mybatis.spring.SqlSessionFactoryBean : 529 ] - Parsed mapper file: 'file [F:\besheweb-master\bishe-master\bishe-master\target\classes\mapping\CustomerMapper.xml]'
2019-12-23 22:51:46.614 [ restartedMain ] - [ DEBUG ] [ org.mybatis.spring.SqlSessionFactoryBean : 529 ] - Parsed mapper file: 'file [F:\besheweb-master\bishe-master\bishe-master\target\classes\mapping\InOrderMapper.xml]'
2019-12-23 22:51:46.614 [ restartedMain ] - [ DEBUG ] [ org.mybatis.spring.SqlSessionFactoryBean : 529 ] - Parsed mapper file: 'file [F:\besheweb-master\bishe-master\bishe-master\target\classes\mapping\ManageOrderMapper.xml]'
2019-12-23 22:51:46.629 [ restartedMain ] - [ DEBUG ] [ org.mybatis.spring.SqlSessionFactoryBean : 529 ] - Parsed mapper file: 'file [F:\besheweb-master\bishe-master\bishe-master\target\classes\mapping\OutOrderMapper.xml]'
2019-12-23 22:51:46.629 [ restartedMain ] - [ DEBUG ] [ org.mybatis.spring.SqlSessionFactoryBean : 529 ] - Parsed mapper file: 'file [F:\besheweb-master\bishe-master\bishe-master\target\classes\mapping\ResourceMapper.xml]'
2019-12-23 22:51:46.629 [ restartedMain ] - [ DEBUG ] [ org.mybatis.spring.SqlSessionFactoryBean : 529 ] - Parsed mapper file: 'file [F:\besheweb-master\bishe-master\bishe-master\target\classes\mapping\RoleRourceMapper.xml]'
2019-12-23 22:51:46.645 [ restartedMain ] - [ DEBUG ] [ org.mybatis.spring.SqlSessionFactoryBean : 529 ] - Parsed mapper file: 'file [F:\besheweb-master\bishe-master\bishe-master\target\classes\mapping\SysRoleMapper.xml]'
2019-12-23 22:51:46.645 [ restartedMain ] - [ DEBUG ] [ org.mybatis.spring.SqlSessionFactoryBean : 529 ] - Parsed mapper file: 'file [F:\besheweb-master\bishe-master\bishe-master\target\classes\mapping\SysUserMapper.xml]'
2019-12-23 22:51:46.645 [ restartedMain ] - [ DEBUG ] [ org.mybatis.spring.SqlSessionFactoryBean : 529 ] - Parsed mapper file: 'file [F:\besheweb-master\bishe-master\bishe-master\target\classes\mapping\UserRoleMapper.xml]'
2019-12-23 22:51:46.786 [ restartedMain ] - [ DEBUG ] [ com.github.tobato.fastdfs.conn.ConnectionManager : 46 ] - init trackerLocator [39.98.163.208:22122]
2019-12-23 22:51:46.833 [ restartedMain ] - [ DEBUG ] [ o.h.v.i.engine.resolver.TraversableResolvers : 60 ] - Cannot find javax.persistence.Persistence on classpath. Assuming non JPA 2 environment. All properties will per default be traversable.
2019-12-23 22:51:46.833 [ restartedMain ] - [ DEBUG ] [ o.h.v.m.ResourceBundleMessageInterpolator : 89 ] - Loaded expression factory via original TCCL
2019-12-23 22:51:46.833 [ restartedMain ] - [ DEBUG ] [ o.h.v.i.engine.resolver.TraversableResolvers : 60 ] - Cannot find javax.persistence.Persistence on classpath. Assuming non JPA 2 environment. All properties will per default be traversable.
2019-12-23 22:51:46.833 [ restartedMain ] - [ DEBUG ] [ o.h.validator.internal.engine.ConfigurationImpl : 148 ] - Setting custom MessageInterpolator of type org.springframework.validation.beanvalidation.LocaleContextMessageInterpolator
2019-12-23 22:51:46.833 [ restartedMain ] - [ DEBUG ] [ o.h.validator.internal.engine.ConfigurationImpl : 180 ] - Setting custom ConstraintValidatorFactory of type org.springframework.validation.beanvalidation.SpringConstraintValidatorFactory
2019-12-23 22:51:46.833 [ restartedMain ] - [ DEBUG ] [ o.h.validator.internal.engine.ConfigurationImpl : 194 ] - Setting custom ParameterNameProvider of type org.springframework.validation.beanvalidation.LocalValidatorFactoryBean$1
2019-12-23 22:51:46.833 [ restartedMain ] - [ DEBUG ] [ o.h.v.internal.xml.config.ValidationXmlParser : 120 ] - Trying to load META-INF/validation.xml for XML based Validator configuration.
2019-12-23 22:51:46.833 [ restartedMain ] - [ DEBUG ] [ o.h.v.internal.xml.config.ResourceLoaderHelper : 53 ] - Trying to load META-INF/validation.xml via user class loader
2019-12-23 22:51:46.833 [ restartedMain ] - [ DEBUG ] [ o.h.v.internal.xml.config.ResourceLoaderHelper : 60 ] - Trying to load META-INF/validation.xml via TCCL
2019-12-23 22:51:46.833 [ restartedMain ] - [ DEBUG ] [ o.h.v.internal.xml.config.ResourceLoaderHelper : 66 ] - Trying to load META-INF/validation.xml via Hibernate Validator's class loader
2019-12-23 22:51:46.833 [ restartedMain ] - [ DEBUG ] [ o.h.v.internal.xml.config.ValidationXmlParser : 127 ] - No META-INF/validation.xml found. Using annotation based configuration only.
2019-12-23 22:51:46.833 [ restartedMain ] - [ DEBUG ] [ o.h.validator.internal.engine.ValidatorFactoryImpl : 578 ] - HV000234: Using org.springframework.validation.beanvalidation.LocaleContextMessageInterpolator as ValidatorFactory-scoped message interpolator.
2019-12-23 22:51:46.833 [ restartedMain ] - [ DEBUG ] [ o.h.validator.internal.engine.ValidatorFactoryImpl : 579 ] - HV000234: Using org.hibernate.validator.internal.engine.resolver.TraverseAllTraversableResolver as ValidatorFactory-scoped traversable resolver.
2019-12-23 22:51:46.833 [ restartedMain ] - [ DEBUG ] [ o.h.validator.internal.engine.ValidatorFactoryImpl : 580 ] - HV000234: Using org.hibernate.validator.internal.util.ExecutableParameterNameProvider as ValidatorFactory-scoped parameter name provider.
2019-12-23 22:51:46.833 [ restartedMain ] - [ DEBUG ] [ o.h.validator.internal.engine.ValidatorFactoryImpl : 581 ] - HV000234: Using org.hibernate.validator.internal.engine.DefaultClockProvider as ValidatorFactory-scoped clock provider.
2019-12-23 22:51:46.833 [ restartedMain ] - [ DEBUG ] [ o.h.validator.internal.engine.ValidatorFactoryImpl : 582 ] - HV000234: Using org.hibernate.validator.internal.engine.scripting.DefaultScriptEvaluatorFactory as ValidatorFactory-scoped script evaluator factory.
2019-12-23 22:51:47.286 [ restartedMain ] - [ INFO  ] [ org.apache.coyote.http11.Http11NioProtocol : 173 ] - Starting ProtocolHandler ["http-nio-8080"]
2019-12-23 22:51:47.317 [ restartedMain ] - [ INFO  ] [ com.ynet.fullview.FullviewApplication : 59 ] - Started FullviewApplication in 5.155 seconds (JVM running for 5.791)
2019-12-23 22:52:04.917 [ http-nio-8080-exec-1 ] - [ INFO  ] [ o.a.c.core.ContainerBase.[Tomcat].[localhost].[/] : 173 ] - Initializing Spring DispatcherServlet 'dispatcherServlet'
2019-12-23 22:52:48.171 [ restartedMain ] - [ INFO  ] [ com.ynet.fullview.FullviewApplication : 50 ] - Starting FullviewApplication on PC-201804011443 with PID 2864 (F:\besheweb-master\bishe-master\bishe-master\target\classes started by Administrator in F:\besheweb-master\bishe-master\bishe-master)
2019-12-23 22:52:48.171 [ restartedMain ] - [ DEBUG ] [ com.ynet.fullview.FullviewApplication : 53 ] - Running with Spring Boot v2.1.7.RELEASE, Spring v5.1.9.RELEASE
2019-12-23 22:52:48.171 [ restartedMain ] - [ INFO  ] [ com.ynet.fullview.FullviewApplication : 647 ] - No active profile set, falling back to default profiles: default
2019-12-23 22:52:49.311 [ restartedMain ] - [ DEBUG ] [ org.mybatis.spring.mapper.ClassPathMapperScanner : 437 ] - Identified candidate component class: file [F:\besheweb-master\bishe-master\bishe-master\target\classes\com\ynet\fullview\dao\AcceptOrderFlowMapper.class]
2019-12-23 22:52:49.311 [ restartedMain ] - [ DEBUG ] [ org.mybatis.spring.mapper.ClassPathMapperScanner : 437 ] - Identified candidate component class: file [F:\besheweb-master\bishe-master\bishe-master\target\classes\com\ynet\fullview\dao\AnnexMapper.class]
2019-12-23 22:52:49.311 [ restartedMain ] - [ DEBUG ] [ org.mybatis.spring.mapper.ClassPathMapperScanner : 437 ] - Identified candidate component class: file [F:\besheweb-master\bishe-master\bishe-master\target\classes\com\ynet\fullview\dao\ClassifyMapper.class]
2019-12-23 22:52:49.311 [ restartedMain ] - [ DEBUG ] [ org.mybatis.spring.mapper.ClassPathMapperScanner : 437 ] - Identified candidate component class: file [F:\besheweb-master\bishe-master\bishe-master\target\classes\com\ynet\fullview\dao\CustomerMapper.class]
2019-12-23 22:52:49.311 [ restartedMain ] - [ DEBUG ] [ org.mybatis.spring.mapper.ClassPathMapperScanner : 437 ] - Identified candidate component class: file [F:\besheweb-master\bishe-master\bishe-master\target\classes\com\ynet\fullview\dao\InOrderMapper.class]
2019-12-23 22:52:49.311 [ restartedMain ] - [ DEBUG ] [ org.mybatis.spring.mapper.ClassPathMapperScanner : 437 ] - Identified candidate component class: file [F:\besheweb-master\bishe-master\bishe-master\target\classes\com\ynet\fullview\dao\ManageOrderMapper.class]
2019-12-23 22:52:49.311 [ restartedMain ] - [ DEBUG ] [ org.mybatis.spring.mapper.ClassPathMapperScanner : 437 ] - Identified candidate component class: file [F:\besheweb-master\bishe-master\bishe-master\target\classes\com\ynet\fullview\dao\OutOrderMapper.class]
2019-12-23 22:52:49.311 [ restartedMain ] - [ DEBUG ] [ org.mybatis.spring.mapper.ClassPathMapperScanner : 437 ] - Identified candidate component class: file [F:\besheweb-master\bishe-master\bishe-master\target\classes\com\ynet\fullview\dao\ResourceMapper.class]
2019-12-23 22:52:49.311 [ restartedMain ] - [ DEBUG ] [ org.mybatis.spring.mapper.ClassPathMapperScanner : 437 ] - Identified candidate component class: file [F:\besheweb-master\bishe-master\bishe-master\target\classes\com\ynet\fullview\dao\RoleRourceMapper.class]
2019-12-23 22:52:49.311 [ restartedMain ] - [ DEBUG ] [ org.mybatis.spring.mapper.ClassPathMapperScanner : 437 ] - Identified candidate component class: file [F:\besheweb-master\bishe-master\bishe-master\target\classes\com\ynet\fullview\dao\SysRoleMapper.class]
2019-12-23 22:52:49.311 [ restartedMain ] - [ DEBUG ] [ org.mybatis.spring.mapper.ClassPathMapperScanner : 437 ] - Identified candidate component class: file [F:\besheweb-master\bishe-master\bishe-master\target\classes\com\ynet\fullview\dao\SysUserMapper.class]
2019-12-23 22:52:49.311 [ restartedMain ] - [ DEBUG ] [ org.mybatis.spring.mapper.ClassPathMapperScanner : 437 ] - Identified candidate component class: file [F:\besheweb-master\bishe-master\bishe-master\target\classes\com\ynet\fullview\dao\UserRoleMapper.class]
2019-12-23 22:52:49.311 [ restartedMain ] - [ DEBUG ] [ org.mybatis.spring.mapper.ClassPathMapperScanner : 180 ] - Creating MapperFactoryBean with name 'acceptOrderFlowMapper' and 'com.ynet.fullview.dao.AcceptOrderFlowMapper' mapperInterface
2019-12-23 22:52:49.311 [ restartedMain ] - [ DEBUG ] [ org.mybatis.spring.mapper.ClassPathMapperScanner : 216 ] - Enabling autowire by type for MapperFactoryBean with name 'acceptOrderFlowMapper'.
2019-12-23 22:52:49.311 [ restartedMain ] - [ DEBUG ] [ org.mybatis.spring.mapper.ClassPathMapperScanner : 180 ] - Creating MapperFactoryBean with name 'annexMapper' and 'com.ynet.fullview.dao.AnnexMapper' mapperInterface
2019-12-23 22:52:49.311 [ restartedMain ] - [ DEBUG ] [ org.mybatis.spring.mapper.ClassPathMapperScanner : 216 ] - Enabling autowire by type for MapperFactoryBean with name 'annexMapper'.
2019-12-23 22:52:49.311 [ restartedMain ] - [ DEBUG ] [ org.mybatis.spring.mapper.ClassPathMapperScanner : 180 ] - Creating MapperFactoryBean with name 'classifyMapper' and 'com.ynet.fullview.dao.ClassifyMapper' mapperInterface
2019-12-23 22:52:49.327 [ restartedMain ] - [ DEBUG ] [ org.mybatis.spring.mapper.ClassPathMapperScanner : 216 ] - Enabling autowire by type for MapperFactoryBean with name 'classifyMapper'.
2019-12-23 22:52:49.327 [ restartedMain ] - [ DEBUG ] [ org.mybatis.spring.mapper.ClassPathMapperScanner : 180 ] - Creating MapperFactoryBean with name 'customerMapper' and 'com.ynet.fullview.dao.CustomerMapper' mapperInterface
2019-12-23 22:52:49.327 [ restartedMain ] - [ DEBUG ] [ org.mybatis.spring.mapper.ClassPathMapperScanner : 216 ] - Enabling autowire by type for MapperFactoryBean with name 'customerMapper'.
2019-12-23 22:52:49.327 [ restartedMain ] - [ DEBUG ] [ org.mybatis.spring.mapper.ClassPathMapperScanner : 180 ] - Creating MapperFactoryBean with name 'inOrderMapper' and 'com.ynet.fullview.dao.InOrderMapper' mapperInterface
2019-12-23 22:52:49.327 [ restartedMain ] - [ DEBUG ] [ org.mybatis.spring.mapper.ClassPathMapperScanner : 216 ] - Enabling autowire by type for MapperFactoryBean with name 'inOrderMapper'.
2019-12-23 22:52:49.327 [ restartedMain ] - [ DEBUG ] [ org.mybatis.spring.mapper.ClassPathMapperScanner : 180 ] - Creating MapperFactoryBean with name 'manageOrderMapper' and 'com.ynet.fullview.dao.ManageOrderMapper' mapperInterface
2019-12-23 22:52:49.327 [ restartedMain ] - [ DEBUG ] [ org.mybatis.spring.mapper.ClassPathMapperScanner : 216 ] - Enabling autowire by type for MapperFactoryBean with name 'manageOrderMapper'.
2019-12-23 22:52:49.327 [ restartedMain ] - [ DEBUG ] [ org.mybatis.spring.mapper.ClassPathMapperScanner : 180 ] - Creating MapperFactoryBean with name 'outOrderMapper' and 'com.ynet.fullview.dao.OutOrderMapper' mapperInterface
2019-12-23 22:52:49.327 [ restartedMain ] - [ DEBUG ] [ org.mybatis.spring.mapper.ClassPathMapperScanner : 216 ] - Enabling autowire by type for MapperFactoryBean with name 'outOrderMapper'.
2019-12-23 22:52:49.327 [ restartedMain ] - [ DEBUG ] [ org.mybatis.spring.mapper.ClassPathMapperScanner : 180 ] - Creating MapperFactoryBean with name 'resourceMapper' and 'com.ynet.fullview.dao.ResourceMapper' mapperInterface
2019-12-23 22:52:49.327 [ restartedMain ] - [ DEBUG ] [ org.mybatis.spring.mapper.ClassPathMapperScanner : 216 ] - Enabling autowire by type for MapperFactoryBean with name 'resourceMapper'.
2019-12-23 22:52:49.327 [ restartedMain ] - [ DEBUG ] [ org.mybatis.spring.mapper.ClassPathMapperScanner : 180 ] - Creating MapperFactoryBean with name 'roleRourceMapper' and 'com.ynet.fullview.dao.RoleRourceMapper' mapperInterface
2019-12-23 22:52:49.327 [ restartedMain ] - [ DEBUG ] [ org.mybatis.spring.mapper.ClassPathMapperScanner : 216 ] - Enabling autowire by type for MapperFactoryBean with name 'roleRourceMapper'.
2019-12-23 22:52:49.327 [ restartedMain ] - [ DEBUG ] [ org.mybatis.spring.mapper.ClassPathMapperScanner : 180 ] - Creating MapperFactoryBean with name 'sysRoleMapper' and 'com.ynet.fullview.dao.SysRoleMapper' mapperInterface
2019-12-23 22:52:49.327 [ restartedMain ] - [ DEBUG ] [ org.mybatis.spring.mapper.ClassPathMapperScanner : 216 ] - Enabling autowire by type for MapperFactoryBean with name 'sysRoleMapper'.
2019-12-23 22:52:49.327 [ restartedMain ] - [ DEBUG ] [ org.mybatis.spring.mapper.ClassPathMapperScanner : 180 ] - Creating MapperFactoryBean with name 'sysUserMapper' and 'com.ynet.fullview.dao.SysUserMapper' mapperInterface
2019-12-23 22:52:49.327 [ restartedMain ] - [ DEBUG ] [ org.mybatis.spring.mapper.ClassPathMapperScanner : 216 ] - Enabling autowire by type for MapperFactoryBean with name 'sysUserMapper'.
2019-12-23 22:52:49.327 [ restartedMain ] - [ DEBUG ] [ org.mybatis.spring.mapper.ClassPathMapperScanner : 180 ] - Creating MapperFactoryBean with name 'userRoleMapper' and 'com.ynet.fullview.dao.UserRoleMapper' mapperInterface
2019-12-23 22:52:49.327 [ restartedMain ] - [ DEBUG ] [ org.mybatis.spring.mapper.ClassPathMapperScanner : 216 ] - Enabling autowire by type for MapperFactoryBean with name 'userRoleMapper'.
2019-12-23 22:52:50.342 [ restartedMain ] - [ INFO  ] [ org.apache.coyote.http11.Http11NioProtocol : 173 ] - Initializing ProtocolHandler ["http-nio-8080"]
2019-12-23 22:52:50.342 [ restartedMain ] - [ INFO  ] [ org.apache.catalina.core.StandardService : 173 ] - Starting service [Tomcat]
2019-12-23 22:52:50.342 [ restartedMain ] - [ INFO  ] [ org.apache.catalina.core.StandardEngine : 173 ] - Starting Servlet engine: [Apache Tomcat/9.0.22]
2019-12-23 22:52:50.358 [ restartedMain ] - [ INFO  ] [ org.apache.catalina.core.AprLifecycleListener : 173 ] - An older version [1.2.14] of the APR based Apache Tomcat Native library is installed, while Tomcat recommends a minimum version of [1.2.23]
2019-12-23 22:52:50.358 [ restartedMain ] - [ INFO  ] [ org.apache.catalina.core.AprLifecycleListener : 173 ] - Loaded APR based Apache Tomcat Native library [1.2.14] using APR version [1.6.2].
2019-12-23 22:52:50.358 [ restartedMain ] - [ INFO  ] [ org.apache.catalina.core.AprLifecycleListener : 173 ] - APR capabilities: IPv6 [true], sendfile [true], accept filters [false], random [true].
2019-12-23 22:52:50.358 [ restartedMain ] - [ INFO  ] [ org.apache.catalina.core.AprLifecycleListener : 173 ] - APR/OpenSSL configuration: useAprConnector [false], useOpenSSL [true]
2019-12-23 22:52:51.389 [ restartedMain ] - [ INFO  ] [ org.apache.catalina.core.AprLifecycleListener : 173 ] - OpenSSL successfully initialized [OpenSSL 1.0.2l  25 May 2017]
2019-12-23 22:52:51.467 [ restartedMain ] - [ INFO  ] [ o.a.c.core.ContainerBase.[Tomcat].[localhost].[/] : 173 ] - Initializing Spring embedded WebApplicationContext
2019-12-23 22:52:51.607 [ restartedMain ] - [ DEBUG ] [ org.apache.ibatis.logging.LogFactory : 135 ] - Logging initialized using 'class org.apache.ibatis.logging.slf4j.Slf4jImpl' adapter.
2019-12-23 22:52:51.654 [ restartedMain ] - [ DEBUG ] [ org.apache.ibatis.io.VFS : 77 ] - Using VFS adapter org.mybatis.spring.boot.autoconfigure.SpringBootVFS
2019-12-23 22:52:51.654 [ restartedMain ] - [ DEBUG ] [ org.apache.ibatis.io.ResolverUtil : 256 ] - Checking to see if class com.ynet.fullview.model.AcceptOrderFlow matches criteria [is assignable to Object]
2019-12-23 22:52:51.654 [ restartedMain ] - [ DEBUG ] [ org.apache.ibatis.io.ResolverUtil : 256 ] - Checking to see if class com.ynet.fullview.model.Annex matches criteria [is assignable to Object]
2019-12-23 22:52:51.654 [ restartedMain ] - [ DEBUG ] [ org.apache.ibatis.io.ResolverUtil : 256 ] - Checking to see if class com.ynet.fullview.model.Classify matches criteria [is assignable to Object]
2019-12-23 22:52:51.654 [ restartedMain ] - [ DEBUG ] [ org.apache.ibatis.io.ResolverUtil : 256 ] - Checking to see if class com.ynet.fullview.model.InOrder matches criteria [is assignable to Object]
2019-12-23 22:52:51.654 [ restartedMain ] - [ DEBUG ] [ org.apache.ibatis.io.ResolverUtil : 256 ] - Checking to see if class com.ynet.fullview.model.OrderInfo matches criteria [is assignable to Object]
2019-12-23 22:52:51.654 [ restartedMain ] - [ DEBUG ] [ org.apache.ibatis.io.ResolverUtil : 256 ] - Checking to see if class com.ynet.fullview.model.OutOrder matches criteria [is assignable to Object]
2019-12-23 22:52:51.654 [ restartedMain ] - [ DEBUG ] [ org.apache.ibatis.io.ResolverUtil : 256 ] - Checking to see if class com.ynet.fullview.model.Resource matches criteria [is assignable to Object]
2019-12-23 22:52:51.654 [ restartedMain ] - [ DEBUG ] [ org.apache.ibatis.io.ResolverUtil : 256 ] - Checking to see if class com.ynet.fullview.model.RoleRource matches criteria [is assignable to Object]
2019-12-23 22:52:51.654 [ restartedMain ] - [ DEBUG ] [ org.apache.ibatis.io.ResolverUtil : 256 ] - Checking to see if class com.ynet.fullview.model.SysRole matches criteria [is assignable to Object]
2019-12-23 22:52:51.654 [ restartedMain ] - [ DEBUG ] [ org.apache.ibatis.io.ResolverUtil : 256 ] - Checking to see if class com.ynet.fullview.model.SysUser matches criteria [is assignable to Object]
2019-12-23 22:52:51.654 [ restartedMain ] - [ DEBUG ] [ org.apache.ibatis.io.ResolverUtil : 256 ] - Checking to see if class com.ynet.fullview.model.UserRole matches criteria [is assignable to Object]
2019-12-23 22:52:51.654 [ restartedMain ] - [ DEBUG ] [ org.mybatis.spring.SqlSessionFactoryBean : 437 ] - Scanned package: 'com.ynet.fullview.model' for aliases
2019-12-23 22:52:51.732 [ restartedMain ] - [ DEBUG ] [ org.mybatis.spring.SqlSessionFactoryBean : 529 ] - Parsed mapper file: 'file [F:\besheweb-master\bishe-master\bishe-master\target\classes\mapping\AcceptOrderFlowMapper.xml]'
2019-12-23 22:52:51.748 [ restartedMain ] - [ DEBUG ] [ org.mybatis.spring.SqlSessionFactoryBean : 529 ] - Parsed mapper file: 'file [F:\besheweb-master\bishe-master\bishe-master\target\classes\mapping\AnnexMapper.xml]'
2019-12-23 22:52:51.748 [ restartedMain ] - [ DEBUG ] [ org.mybatis.spring.SqlSessionFactoryBean : 529 ] - Parsed mapper file: 'file [F:\besheweb-master\bishe-master\bishe-master\target\classes\mapping\ClassifyMapper.xml]'
2019-12-23 22:52:51.764 [ restartedMain ] - [ DEBUG ] [ org.mybatis.spring.SqlSessionFactoryBean : 529 ] - Parsed mapper file: 'file [F:\besheweb-master\bishe-master\bishe-master\target\classes\mapping\CustomerMapper.xml]'
2019-12-23 22:52:51.764 [ restartedMain ] - [ DEBUG ] [ org.mybatis.spring.SqlSessionFactoryBean : 529 ] - Parsed mapper file: 'file [F:\besheweb-master\bishe-master\bishe-master\target\classes\mapping\InOrderMapper.xml]'
2019-12-23 22:52:51.779 [ restartedMain ] - [ DEBUG ] [ org.mybatis.spring.SqlSessionFactoryBean : 529 ] - Parsed mapper file: 'file [F:\besheweb-master\bishe-master\bishe-master\target\classes\mapping\ManageOrderMapper.xml]'
2019-12-23 22:52:51.779 [ restartedMain ] - [ DEBUG ] [ org.mybatis.spring.SqlSessionFactoryBean : 529 ] - Parsed mapper file: 'file [F:\besheweb-master\bishe-master\bishe-master\target\classes\mapping\OutOrderMapper.xml]'
2019-12-23 22:52:51.779 [ restartedMain ] - [ DEBUG ] [ org.mybatis.spring.SqlSessionFactoryBean : 529 ] - Parsed mapper file: 'file [F:\besheweb-master\bishe-master\bishe-master\target\classes\mapping\ResourceMapper.xml]'
2019-12-23 22:52:51.795 [ restartedMain ] - [ DEBUG ] [ org.mybatis.spring.SqlSessionFactoryBean : 529 ] - Parsed mapper file: 'file [F:\besheweb-master\bishe-master\bishe-master\target\classes\mapping\RoleRourceMapper.xml]'
2019-12-23 22:52:51.795 [ restartedMain ] - [ DEBUG ] [ org.mybatis.spring.SqlSessionFactoryBean : 529 ] - Parsed mapper file: 'file [F:\besheweb-master\bishe-master\bishe-master\target\classes\mapping\SysRoleMapper.xml]'
2019-12-23 22:52:51.795 [ restartedMain ] - [ DEBUG ] [ org.mybatis.spring.SqlSessionFactoryBean : 529 ] - Parsed mapper file: 'file [F:\besheweb-master\bishe-master\bishe-master\target\classes\mapping\SysUserMapper.xml]'
2019-12-23 22:52:51.811 [ restartedMain ] - [ DEBUG ] [ org.mybatis.spring.SqlSessionFactoryBean : 529 ] - Parsed mapper file: 'file [F:\besheweb-master\bishe-master\bishe-master\target\classes\mapping\UserRoleMapper.xml]'
2019-12-23 22:52:51.904 [ restartedMain ] - [ DEBUG ] [ com.github.tobato.fastdfs.conn.ConnectionManager : 46 ] - init trackerLocator [39.98.163.208:22122]
2019-12-23 22:52:51.951 [ restartedMain ] - [ DEBUG ] [ o.h.v.i.engine.resolver.TraversableResolvers : 60 ] - Cannot find javax.persistence.Persistence on classpath. Assuming non JPA 2 environment. All properties will per default be traversable.
2019-12-23 22:52:51.967 [ restartedMain ] - [ DEBUG ] [ o.h.v.m.ResourceBundleMessageInterpolator : 89 ] - Loaded expression factory via original TCCL
2019-12-23 22:52:51.967 [ restartedMain ] - [ DEBUG ] [ o.h.v.i.engine.resolver.TraversableResolvers : 60 ] - Cannot find javax.persistence.Persistence on classpath. Assuming non JPA 2 environment. All properties will per default be traversable.
2019-12-23 22:52:51.967 [ restartedMain ] - [ DEBUG ] [ o.h.validator.internal.engine.ConfigurationImpl : 148 ] - Setting custom MessageInterpolator of type org.springframework.validation.beanvalidation.LocaleContextMessageInterpolator
2019-12-23 22:52:51.967 [ restartedMain ] - [ DEBUG ] [ o.h.validator.internal.engine.ConfigurationImpl : 180 ] - Setting custom ConstraintValidatorFactory of type org.springframework.validation.beanvalidation.SpringConstraintValidatorFactory
2019-12-23 22:52:51.967 [ restartedMain ] - [ DEBUG ] [ o.h.validator.internal.engine.ConfigurationImpl : 194 ] - Setting custom ParameterNameProvider of type org.springframework.validation.beanvalidation.LocalValidatorFactoryBean$1
2019-12-23 22:52:51.967 [ restartedMain ] - [ DEBUG ] [ o.h.v.internal.xml.config.ValidationXmlParser : 120 ] - Trying to load META-INF/validation.xml for XML based Validator configuration.
2019-12-23 22:52:51.967 [ restartedMain ] - [ DEBUG ] [ o.h.v.internal.xml.config.ResourceLoaderHelper : 53 ] - Trying to load META-INF/validation.xml via user class loader
2019-12-23 22:52:51.967 [ restartedMain ] - [ DEBUG ] [ o.h.v.internal.xml.config.ResourceLoaderHelper : 60 ] - Trying to load META-INF/validation.xml via TCCL
2019-12-23 22:52:51.967 [ restartedMain ] - [ DEBUG ] [ o.h.v.internal.xml.config.ResourceLoaderHelper : 66 ] - Trying to load META-INF/validation.xml via Hibernate Validator's class loader
2019-12-23 22:52:51.967 [ restartedMain ] - [ DEBUG ] [ o.h.v.internal.xml.config.ValidationXmlParser : 127 ] - No META-INF/validation.xml found. Using annotation based configuration only.
2019-12-23 22:52:51.967 [ restartedMain ] - [ DEBUG ] [ o.h.validator.internal.engine.ValidatorFactoryImpl : 578 ] - HV000234: Using org.springframework.validation.beanvalidation.LocaleContextMessageInterpolator as ValidatorFactory-scoped message interpolator.
2019-12-23 22:52:51.967 [ restartedMain ] - [ DEBUG ] [ o.h.validator.internal.engine.ValidatorFactoryImpl : 579 ] - HV000234: Using org.hibernate.validator.internal.engine.resolver.TraverseAllTraversableResolver as ValidatorFactory-scoped traversable resolver.
2019-12-23 22:52:51.967 [ restartedMain ] - [ DEBUG ] [ o.h.validator.internal.engine.ValidatorFactoryImpl : 580 ] - HV000234: Using org.hibernate.validator.internal.util.ExecutableParameterNameProvider as ValidatorFactory-scoped parameter name provider.
2019-12-23 22:52:51.967 [ restartedMain ] - [ DEBUG ] [ o.h.validator.internal.engine.ValidatorFactoryImpl : 581 ] - HV000234: Using org.hibernate.validator.internal.engine.DefaultClockProvider as ValidatorFactory-scoped clock provider.
2019-12-23 22:52:51.967 [ restartedMain ] - [ DEBUG ] [ o.h.validator.internal.engine.ValidatorFactoryImpl : 582 ] - HV000234: Using org.hibernate.validator.internal.engine.scripting.DefaultScriptEvaluatorFactory as ValidatorFactory-scoped script evaluator factory.
2019-12-23 22:52:52.467 [ restartedMain ] - [ INFO  ] [ org.apache.coyote.http11.Http11NioProtocol : 173 ] - Starting ProtocolHandler ["http-nio-8080"]
2019-12-23 22:52:52.498 [ restartedMain ] - [ INFO  ] [ com.ynet.fullview.FullviewApplication : 59 ] - Started FullviewApplication in 4.874 seconds (JVM running for 5.345)
2019-12-23 22:53:06.672 [ restartedMain ] - [ INFO  ] [ com.ynet.fullview.FullviewApplication : 50 ] - Starting FullviewApplication on PC-201804011443 with PID 8656 (F:\besheweb-master\bishe-master\bishe-master\target\classes started by Administrator in F:\besheweb-master\bishe-master\bishe-master)
2019-12-23 22:53:06.672 [ restartedMain ] - [ INFO  ] [ com.ynet.fullview.FullviewApplication : 647 ] - No active profile set, falling back to default profiles: default
2019-12-23 22:53:08.671 [ restartedMain ] - [ INFO  ] [ org.apache.coyote.http11.Http11NioProtocol : 173 ] - Initializing ProtocolHandler ["http-nio-8080"]
2019-12-23 22:53:08.671 [ restartedMain ] - [ INFO  ] [ org.apache.catalina.core.StandardService : 173 ] - Starting service [Tomcat]
2019-12-23 22:53:08.671 [ restartedMain ] - [ INFO  ] [ org.apache.catalina.core.StandardEngine : 173 ] - Starting Servlet engine: [Apache Tomcat/9.0.22]
2019-12-23 22:53:08.687 [ restartedMain ] - [ INFO  ] [ org.apache.catalina.core.AprLifecycleListener : 173 ] - An older version [1.2.14] of the APR based Apache Tomcat Native library is installed, while Tomcat recommends a minimum version of [1.2.23]
2019-12-23 22:53:08.687 [ restartedMain ] - [ INFO  ] [ org.apache.catalina.core.AprLifecycleListener : 173 ] - Loaded APR based Apache Tomcat Native library [1.2.14] using APR version [1.6.2].
2019-12-23 22:53:08.687 [ restartedMain ] - [ INFO  ] [ org.apache.catalina.core.AprLifecycleListener : 173 ] - APR capabilities: IPv6 [true], sendfile [true], accept filters [false], random [true].
2019-12-23 22:53:08.687 [ restartedMain ] - [ INFO  ] [ org.apache.catalina.core.AprLifecycleListener : 173 ] - APR/OpenSSL configuration: useAprConnector [false], useOpenSSL [true]
2019-12-23 22:53:09.718 [ restartedMain ] - [ INFO  ] [ org.apache.catalina.core.AprLifecycleListener : 173 ] - OpenSSL successfully initialized [OpenSSL 1.0.2l  25 May 2017]
2019-12-23 22:53:09.796 [ restartedMain ] - [ INFO  ] [ o.a.c.core.ContainerBase.[Tomcat].[localhost].[/] : 173 ] - Initializing Spring embedded WebApplicationContext
2019-12-23 22:53:10.921 [ restartedMain ] - [ INFO  ] [ org.apache.coyote.http11.Http11NioProtocol : 173 ] - Starting ProtocolHandler ["http-nio-8080"]
2019-12-23 22:53:10.952 [ restartedMain ] - [ INFO  ] [ com.ynet.fullview.FullviewApplication : 59 ] - Started FullviewApplication in 4.796 seconds (JVM running for 5.244)
2019-12-23 23:01:37.351 [ http-nio-8080-exec-1 ] - [ INFO  ] [ o.a.c.core.ContainerBase.[Tomcat].[localhost].[/] : 173 ] - Initializing Spring DispatcherServlet 'dispatcherServlet'
